     1                                  USE32
     2                                  
     3                                  SECTION .kernel32
     4                                  
     5                                  EXTERN __DATA_VMA
     6                                  EXTERN limpiar_buffer
     7                                  EXTERN limpiar_VGA
     8                                  EXTERN __VGA_VMA
     9                                  ;--------------GLOBAL----------------------
    10                                  GLOBAL kernel32_code_size
    11                                  GLOBAL kernel32_init
    12                                  GLOBAL memoria_buffer_reservada
    13                                  GLOBAL contador_timer
    14                                  GLOBAL resultado_promedio
    15                                  GLOBAL dir_lineal_page_fault
    16                                  GLOBAL error_code_PF
    17                                  GLOBAL page_fault_msg
    18                                  kernel21_code_size EQU kernel32_end-kernel32_init
    19                                  ;---------EQU-----------------------------
    20                                  CANTIDAD_DATOS  EQU 10
    21                                  LONG_BUFFER     EQU 16
    22                                  
    23                                  kernel32_init:
    24                                      ;xchg bx,bx
    25 00000000 31C0                        xor eax,eax
    26 00000002 31DB                        xor ebx,ebx
    27 00000004 31C9                        xor ecx,ecx
    28 00000006 31D2                        xor edx,edx
    29                                      ; -> Inicializo el buffer del teclado.
    30 00000008 55                          push    ebp
    31 00000009 89E5                        mov     ebp, esp
    32 0000000B 68[00000000]                push dword memoria_buffer_reservada
    33 00000010 E8(00000000)                call limpiar_buffer                     
    34 00000015 C9                          leave
    35                                      ; -> Inicializo el VGA con mensaje fijo.
    36 00000016 55                          push    ebp
    37 00000017 89E5                        mov     ebp, esp
    38 00000019 68[00000000]                push    __VGA_VMA
    39 0000001E E8(00000000)                call limpiar_VGA                     
    40 00000023 C9                          leave
    41                                  
    42                                  main:
    43 00000024 EBFE                        jmp main
    44                                  guard:
    45 00000026 F4                          hlt                                     ; Aguardo por interrupciones / excepciones
    46 00000027 EBFD                        jmp guard
    47                                  
    48                                  
    49                                  kernel32_end:
    50                                      
    51                                  
    52                                  ;-------- VARIABLES DE DATOS PARA PROPOSITO GENERAL----
    53                                  SECTION .data
    54                                  variables_globales:
    55 00000000 <res 00000013>              memoria_buffer_reservada    resb 19             ;Reservo para buffer[0-16] + head[17] + tail[18] + cantidad[19] 
    55          ******************       warning: uninitialized space declared in non-BSS section `.data': zeroing
    56                                  
    57 00000013 <res 00000002>              contador_timer              resw 1              ; Contador del timer
    57          ******************       warning: uninitialized space declared in non-BSS section `.data': zeroing
    58                                  
    59 00000015 <res 00000008>              resultado_promedio          resq 1              ; Resultado del promedio cada 500ms de los dígitos en tabla.
    59          ******************       warning: uninitialized space declared in non-BSS section `.data': zeroing
    60                                  
    61 0000001D <res 00000004>              dir_lineal_page_fault       resd 1              ; Dir. Lineal que produjo una Page Fault Exception.
    61          ******************       warning: uninitialized space declared in non-BSS section `.data': zeroing
    62                                  
    63 00000021 <res 00000004>              error_code_PF               resd 1
    63          ******************       warning: uninitialized space declared in non-BSS section `.data': zeroing
    64                                  mensajes_error:
    65 00000025 2D2D2D2D2D50414745-         page_fault_msg              db "-----PAGE FAULT-----",0
    65 0000002E 204641554C542D2D2D-
    65 00000037 2D2D00             
