     1                                  USE16
     2                                  
     3                                  SECTION .ROM_init
     4                                  
     5                                  %include "inc/processor-flags.h" 
     1                              <1> %define X86_CR0_PE      0x00000001 ;/* Protectede mode enable*/
     2                              <1> %define X86_CR0_MP      0x00000002 ;/* Monitor coProcessor*/
     3                              <1> %define X86_CR0_EM      0x00000004 ;/* Emulation*/
     4                              <1> %define X86_CR0_TS      0x00000008 ;/* Task Switched*/
     5                              <1> %define X86_CR0_ET      0x00000010 ;/* Extension Type*/
     6                              <1> %define X86_CR0_NE      0x00000020 ;/* Numeric Error*/
     7                              <1> %define X86_CR0_WP      0x00010000 ;/* Write Protect*/
     8                              <1> %define X86_CR0_AM      0x00040000 ;/* Alignment Mask*/
     9                              <1> %define X86_CR0_NW      0x20000000 ;/* Not Write-through*/
    10                              <1> %define X86_CR0_CD      0x40000000 ;/* Cache Disable*/
    11                              <1> %define X86_CR0_PG      0x80000000 ;/* PaGine*/
     6                                  
     7                                  EXTERN CS_SEL_16
     8                                  EXTERN CS_SEL_32
     9                                  EXTERN _gdtr
    10                                  EXTERN start32_launcher
    11                                  EXTERN __STACK_START_16
    12                                  EXTERN __STACK_END_16
    13                                  
    14                                  GLOBAL start16
    15                                  
    16                                  start16:
    17 00000000 66A900000000                test    eax, 0x0 ; Verifico que el uP no este en fallo
    18 00000006 7537                        jne     fault_end 
    19 00000008 6631C0                      xor     eax, eax ; Pongo en 0 al acumulador
    20 0000000B 0F22D8                      mov     cr3, eax ; Invalidar TLB (se va a utilizar mas en paginación y cache})
    21                                  
    22                                      ; ->Seteo 16 bits stack (SI NO ESTABA, NO SE CARGA LA GDT. HAY QUE INICIALIZAR UN STACK EN 16 BITS AUNQUE NO SE USE!)
    23 0000000E 8CC8                        mov ax,cs
    24 00000010 8ED8                        mov ds,ax
    25 00000012 B8[0000]                    mov ax,__STACK_START_16
    26 00000015 8ED0                        mov ss,ax
    27 00000017 BC[0000]                    mov sp,__STACK_END_16
    28                                  
    29                                      ;-> Deshabilitar cache <-
    30 0000001A 0F20C0                      mov     eax, cr0
    31 0000001D 660D00000060                or      eax, (X86_CR0_NW | X86_CR0_CD)
    32 00000023 0F22C0                      mov     cr0, eax
    33 00000026 0F09                        wbinvd    ; Write back and invalidates cache
    34                                  
    35 00000028 660F0116[0000]              o32 lgdt [_gdtr] ; Carga de la GDT pero sin entrar en MP . [ds:_gtdr] está implícito usando []
    36                                  
    37                                      ; -> Establecer el uP en MP (Modo Protegido) <-
    38 0000002E 0F01E0                      smsw    ax ; Stores the machine status word (bits 0 through 15 of control register CR0) into the destination operand. The destination operand can be a general-purpose register or a memory location.
    39 00000031 83C801                      or      ax, X86_CR0_PE
    40 00000034 0F01F0                      lmsw    ax ; Loads the source operand into the machine status word, bits 0 through 15 of register CR0. The source operand can be a 16-bit general-purpose register or a memory location
    41                                      ;xchg    bx, bx ; Breakpoint. En este punto el uP entró en MP
    42 00000037 66EA[00000000]-             jmp     dword CS_SEL_32:start32_launcher ; Salto en memoria a la seccion de codigo de 32 bits.
    42 0000003D [0000]             
    43                                  
    44                                  fault_end:
    45 0000003F F4                          hlt
