     1                                  ;##########################################################
     2                                  ;				init_screen.ASM
     3                                  ;##########################################################
     4                                  SECTION .vga_init
     5                                  
     6                                  %macro 		leer_registro_pci 1 				; 1 parámetro
     7                                  	mov 	eax, %1
     8                                  	or 		eax, esi
     9                                  	mov		dx, 0x0CF8
    10                                  	out 	dx, eax    							; Escribir palabra de configuración.
    11                                  	mov 	dx, 0x0CFC
    12                                  	in 		eax, dx   							; Verificar si existe el dispositivo.
    13                                  %endmacro
    14                                  
    15                                  ;--------------------------------------------------------------------------------
    16                                  ; Tablas de datos para inicializacion
    17                                  ;--------------------------------------------------------------------------------
    18                                  seq_regs_data:
    19 00000000 03                      	db 		0x03  		; Reset Register
    20 00000001 00                      	db 		0x00  		; Clocking Mode Register
    21 00000002 03                      	db 		0x03  		; Map Mask Register
    22 00000003 00                      	db 		0x00  		; Character Map Select Register
    23 00000004 02                      	db 		0x02 		; Sequencer Memory Mode Register
    24                                  
    25                                  crtc_regs_data:
    26 00000005 5F                      	db 		0x5F  		; Cantidad caracteres menos 5 incluyendo borde.
    27 00000006 4F                      	db 		0x4F  		; Cantidad caracteres visualizados menos 1.
    28 00000007 50                      	db 		0x50  		; Carácter en el que comienza el blanqueo.
    29 00000008 82                      	db 		0x82  		; Fin de blanqueo horizontal.
    30 00000009 55                      	db 		0x55  		; Carácter donde comienza el retrazo horizontal.
    31 0000000A 81                      	db 		0x81  		; Fin del retrazo horizontal.
    32 0000000B BF                      	db 		0xBF  		; Cantidad de scan lines - 2 (0x1BF = 447).
    33 0000000C 1F                      	db 		0x1F  		; Bits 9 y 8 de varios registros.
    34 0000000D 00                      	db 		0x00  		; Primer scan line a ser visualizado.
    35 0000000E 4F                      	db 		0x4F  		; Bits 4-0: máxima línea de scan.
    36 0000000F 0D                      	db 		0x0D  		; Scan line donde comienza el cursor.
    37 00000010 0E                      	db 		0x0E  		; Scan line donde termina el cursor.
    38 00000011 00                      	db 		0x00 	 	; Bits 15-8 del inicio del buffer de video.
    39 00000012 00                      	db	 	0x00 	 	; Bits 7-0 del inicio del buffer de video.
    40 00000013 05                      	db		0x05 		; Bits 15-8 de la posición del cursor en pantalla.
    41 00000014 50                      	db 		0x50 		; Bits 7-0 de la posición del cursor en pantalla.
    42 00000015 9C                      	db 		0x9C  		; Inicio retrazado vertical (0x19C = 412).
    43 00000016 8E                      	db 		0x8E  		; Fin retrazado vertical (bits 3-0) y protección de
    44                                  						; escritura para registros cero a 7 (bit 7).
    45 00000017 8F                      	db 		0x8F  		; Fin de refresco vertical (0x18F = 409)
    46 00000018 28                      	db 		0x28  		; Cantidad de bytes por scan line dividido 4.
    47 00000019 1F                      	db 		0x1F  		; Scan line para el subrayado.
    48 0000001A 96                      	db 		0x96  		; Inicio blanqueo vertical (0x196 = 406)
    49 0000001B B9                      	db 		0xB9  		; Fin blanqueo vertical (0x1B9 = 441)
    50 0000001C A3                      	db 		0xA3  		; Registro de control de modo.
    51 0000001D FF                      	db 		0xFF  		; Registro de comparación de líneas.
    52                                  
    53                                  graphics_regs_data:
    54 0000001E 00                      	db 		0x00  		; Set/Reset Register
    55 0000001F 00                      	db 		0x00  		; Enable Set/Reset Register
    56 00000020 00                      	db 		0x00  		; Color Compare Register
    57 00000021 00                      	db 		0x00  		; Data Rotate Register
    58 00000022 00                      	db 		0x00  		; Graphics Mode Register  
    59 00000023 10                      	db 		0x10  		; Miscellaneous Graphics Register
    60 00000024 0E                      	db 		0x0E  		; Color Don't Care Register
    61 00000025 00                      	db 		0x00  		; Bit Mask Register
    62 00000026 FF                      	db 		0xFF
    63                                  
    64                                  attrcon_regs_data:
    65 00000027 00                      	db 		0x00  		; Paleta para color 0.
    66 00000028 01                      	db 		0x01  		; Paleta para color 1.
    67 00000029 02                      	db 		0x02  		; Paleta para color 2.
    68 0000002A 03                      	db 		0x03  		; Paleta para color 3.
    69 0000002B 04                      	db 		0x04  		; Paleta para color 4.
    70 0000002C 05                      	db 		0x05  		; Paleta para color 5.
    71 0000002D 14                      	db 		0x14  		; Paleta para color 6.
    72 0000002E 07                      	db 		0x07  		; Paleta para color 7.
    73 0000002F 38                      	db 		0x38  		; Paleta para color 8.
    74 00000030 39                      	db 		0x39  		; Paleta para color 9.
    75 00000031 3A                      	db 		0x3A  		; Paleta para color 10.
    76 00000032 3B                      	db 		0x3B  		; Paleta para color 11.
    77 00000033 3C                      	db 		0x3C  		; Paleta para color 12.
    78 00000034 3D                      	db 		0x3D  		; Paleta para color 13.
    79 00000035 3E                      	db 		0x3E  		; Paleta para color 14.
    80 00000036 3F                      	db 		0x3F  		; Paleta para color 15.
    81 00000037 0C                      	db 		0x0C  		; Registro de control de atributos.
    82                                  						; * Bit 7: Fuente de los bits de video P5 y P4 al DAC de video
    83                                  						; * Bit 6: Habilitación de 256 colores.
    84                                  						; * Bit 5: Modo de desplazamiento de píxeles
    85                                  						; * Bit 4: No usado
    86                                  						; * Bit 3: "1" para habilitar blink, "0" para tener 16 colores de fondo.
    87                                  						; * Bit 2: Replicación de octava a novena columna para caracteres
    88                                  						;         0xC0 - 0xDF (para dibujar bloques en modo texto).
    89                                  						; * Bit 1: Sin uso
    90                                  						; * Bit 0: Habilitación de gráficos.
    91 00000038 00                      	db 		0x00  		; Color usado para el borde en algunos modos.
    92 00000039 0F                      	db 		0x0F  		; Habilitación de planos de color.
    93 0000003A 08                      	db 		0x08  		; Desplazamiento de píxeles de video hacia la izquierda.
    94 0000003B 00                      	db 		0x00  		; Registro de selección de color.
    95                                  
    96                                  palette_data:
    97 0000003C 000000                  	db 		0x00, 0x00, 0x00    ;RGB of color #0
    98 0000003F 00002A                  	db 		0x00, 0x00, 0x2a
    99 00000042 002A00                  	db 		0x00, 0x2a, 0x00
   100 00000045 002A2A                  	db 		0x00, 0x2a, 0x2a
   101 00000048 2A0000                  	db 		0x2a, 0x00, 0x00    ;RGB of color #4
   102 0000004B 2A002A                  	db 		0x2a, 0x00, 0x2a
   103 0000004E 2A2A00                  	db 		0x2a, 0x2a, 0x00
   104 00000051 2A2A2A                  	db 		0x2a, 0x2a, 0x2a
   105 00000054 000015                  	db 		0x00, 0x00, 0x15    ;RGB of color #8
   106 00000057 00003F                  	db 		0x00, 0x00, 0x3f
   107 0000005A 002A15                  	db 		0x00, 0x2a, 0x15
   108 0000005D 002A3F                  	db 		0x00, 0x2a, 0x3f
   109 00000060 2A0015                  	db 		0x2a, 0x00, 0x15    ;RGB of color #12
   110 00000063 2A003F                  	db 		0x2a, 0x00, 0x3f
   111 00000066 2A2A15                  	db 		0x2a, 0x2a, 0x15
   112 00000069 2A2A3F                  	db 		0x2a, 0x2a, 0x3f
   113 0000006C 001500                  	db 		0x00, 0x15, 0x00    ;RGB of color #16
   114 0000006F 00152A                  	db 		0x00, 0x15, 0x2a
   115 00000072 003F00                  	db		0x00, 0x3f, 0x00
   116 00000075 003F2A                  	db 		0x00, 0x3f, 0x2a
   117 00000078 2A1500                  	db 		0x2a, 0x15, 0x00    ;RGB of color #20
   118 0000007B 2A152A                  	db 		0x2a, 0x15, 0x2a
   119 0000007E 2A3F00                  	db 		0x2a, 0x3f, 0x00
   120 00000081 2A3F2A                  	db 		0x2a, 0x3f, 0x2a
   121 00000084 001515                  	db 		0x00, 0x15, 0x15    ;RGB of color #24
   122 00000087 00153F                  	db 		0x00, 0x15, 0x3f
   123 0000008A 003F15                  	db 		0x00, 0x3f, 0x15
   124 0000008D 003F3F                  	db 		0x00, 0x3f, 0x3f
   125 00000090 2A1515                  	db 		0x2a, 0x15, 0x15    ;RGB of color #28
   126 00000093 2A153F                  	db 		0x2a, 0x15, 0x3f
   127 00000096 2A3F15                  	db 		0x2a, 0x3f, 0x15
   128 00000099 2A3F3F                  	db 		0x2a, 0x3f, 0x3f
   129 0000009C 150000                  	db 		0x15, 0x00, 0x00    ;RGB of color #32
   130 0000009F 15002A                  	db 		0x15, 0x00, 0x2a
   131 000000A2 152A00                  	db 		0x15, 0x2a, 0x00
   132 000000A5 152A2A                  	db 		0x15, 0x2a, 0x2a
   133 000000A8 3F0000                  	db 		0x3f, 0x00, 0x00    ;RGB of color #36
   134 000000AB 3F002A                  	db 		0x3f, 0x00, 0x2a
   135 000000AE 3F2A00                  	db 		0x3f, 0x2a, 0x00
   136 000000B1 3F2A2A                  	db 		0x3f, 0x2a, 0x2a
   137 000000B4 150015                  	db 		0x15, 0x00, 0x15    ;RGB of color #40
   138 000000B7 15003F                  	db 		0x15, 0x00, 0x3f
   139 000000BA 152A15                  	db 		0x15, 0x2a, 0x15
   140 000000BD 152A3F                  	db 		0x15, 0x2a, 0x3f
   141 000000C0 3F0015                  	db 		0x3f, 0x00, 0x15    ;RGB of color #44
   142 000000C3 3F003F                  	db 		0x3f, 0x00, 0x3f
   143 000000C6 3F2A15                  	db 		0x3f, 0x2a, 0x15
   144 000000C9 3F2A3F                  	db 		0x3f, 0x2a, 0x3f
   145 000000CC 151500                  	db 		0x15, 0x15, 0x00    ;RGB of color #48
   146 000000CF 15152A                  	db 		0x15, 0x15, 0x2a
   147 000000D2 153F00                  	db 		0x15, 0x3f, 0x00
   148 000000D5 153F2A                  	db 		0x15, 0x3f, 0x2a
   149 000000D8 3F1500                  	db 		0x3f, 0x15, 0x00    ;RGB of color #52
   150 000000DB 3F152A                  	db 		0x3f, 0x15, 0x2a
   151 000000DE 3F3F00                  	db 		0x3f, 0x3f, 0x00
   152 000000E1 3F3F2A                  	db 		0x3f, 0x3f, 0x2a
   153 000000E4 151515                  	db 		0x15, 0x15, 0x15    ;RGB of color #56
   154 000000E7 15153F                  	db 		0x15, 0x15, 0x3f
   155 000000EA 153F15                  	db 		0x15, 0x3f, 0x15
   156 000000ED 153F3F                  	db 		0x15, 0x3f, 0x3f
   157 000000F0 3F1515                  	db 		0x3f, 0x15, 0x15    ;RGB of color #60
   158 000000F3 3F153F                  	db 		0x3f, 0x15, 0x3f
   159 000000F6 3F3F15                  	db 		0x3f, 0x3f, 0x15
   160 000000F9 3F3F3F                  	db 		0x3f, 0x3f, 0x3f
   161                                  
   162                                  ;--------------------------------------------------------------------------------
   163                                  ; Fonts de dominio público de Joseph Gil
   164                                  ;--------------------------------------------------------------------------------
   165                                  font16x8:
   166 000000FC 000000000000000000-     	db 0x00, 0x00, 0x00, 0x00, 0x00, 0x00, 0x00, 0x00, 0x00, 0x00, 0x00, 0x00, 0x00, 0x00, 0x00, 0x00
   166 00000105 00000000000000     
   167 0000010C 00007E81A58181BD99-     	db 0x00, 0x00, 0x7e, 0x81, 0xa5, 0x81, 0x81, 0xbd, 0x99, 0x81, 0x81, 0x7e, 0x00, 0x00, 0x00, 0x00
   167 00000115 81817E00000000     
   168 0000011C 00007EFFDBFFFFC3E7-     	db 0x00, 0x00, 0x7e, 0xff, 0xdb, 0xff, 0xff, 0xc3, 0xe7, 0xff, 0xff, 0x7e, 0x00, 0x00, 0x00, 0x00
   168 00000125 FFFF7E00000000     
   169 0000012C 000000006CFEFEFEFE-     	db 0x00, 0x00, 0x00, 0x00, 0x6c, 0xfe, 0xfe, 0xfe, 0xfe, 0x7c, 0x38, 0x10, 0x00, 0x00, 0x00, 0x00
   169 00000135 7C381000000000     
   170 0000013C 0000000010387CFE7C-     	db 0x00, 0x00, 0x00, 0x00, 0x10, 0x38, 0x7c, 0xfe, 0x7c, 0x38, 0x10, 0x00, 0x00, 0x00, 0x00, 0x00
   170 00000145 38100000000000     
   171 0000014C 000000183C3CE7E7E7-     	db 0x00, 0x00, 0x00, 0x18, 0x3c, 0x3c, 0xe7, 0xe7, 0xe7, 0x18, 0x18, 0x3c, 0x00, 0x00, 0x00, 0x00
   171 00000155 18183C00000000     
   172 0000015C 000000183C7EFFFF7E-     	db 0x00, 0x00, 0x00, 0x18, 0x3c, 0x7e, 0xff, 0xff, 0x7e, 0x18, 0x18, 0x3c, 0x00, 0x00, 0x00, 0x00
   172 00000165 18183C00000000     
   173 0000016C 000000000000183C3C-     	db 0x00, 0x00, 0x00, 0x00, 0x00, 0x00, 0x18, 0x3c, 0x3c, 0x18, 0x00, 0x00, 0x00, 0x00, 0x00, 0x00
   173 00000175 18000000000000     
   174 0000017C FFFFFFFFFFFFE7C3C3-     	db 0xff, 0xff, 0xff, 0xff, 0xff, 0xff, 0xe7, 0xc3, 0xc3, 0xe7, 0xff, 0xff, 0xff, 0xff, 0xff, 0xff
   174 00000185 E7FFFFFFFFFFFF     
   175 0000018C 00000000003C664242-     	db 0x00, 0x00, 0x00, 0x00, 0x00, 0x3c, 0x66, 0x42, 0x42, 0x66, 0x3c, 0x00, 0x00, 0x00, 0x00, 0x00
   175 00000195 663C0000000000     
   176 0000019C FFFFFFFFFFC399BDBD-     	db 0xff, 0xff, 0xff, 0xff, 0xff, 0xc3, 0x99, 0xbd, 0xbd, 0x99, 0xc3, 0xff, 0xff, 0xff, 0xff, 0xff
   176 000001A5 99C3FFFFFFFFFF     
   177 000001AC 00001E0E1A3278CCCC-     	db 0x00, 0x00, 0x1e, 0x0e, 0x1a, 0x32, 0x78, 0xcc, 0xcc, 0xcc, 0xcc, 0x78, 0x00, 0x00, 0x00, 0x00
   177 000001B5 CCCC7800000000     
   178 000001BC 00003C666666663C18-     	db 0x00, 0x00, 0x3c, 0x66, 0x66, 0x66, 0x66, 0x3c, 0x18, 0x7e, 0x18, 0x18, 0x00, 0x00, 0x00, 0x00
   178 000001C5 7E181800000000     
   179 000001CC 00003F333F30303030-     	db 0x00, 0x00, 0x3f, 0x33, 0x3f, 0x30, 0x30, 0x30, 0x30, 0x70, 0xf0, 0xe0, 0x00, 0x00, 0x00, 0x00
   179 000001D5 70F0E000000000     
   180 000001DC 00007F637F63636363-     	db 0x00, 0x00, 0x7f, 0x63, 0x7f, 0x63, 0x63, 0x63, 0x63, 0x67, 0xe7, 0xe6, 0xc0, 0x00, 0x00, 0x00
   180 000001E5 67E7E6C0000000     
   181 000001EC 0000001818DB3CE73C-     	db 0x00, 0x00, 0x00, 0x18, 0x18, 0xdb, 0x3c, 0xe7, 0x3c, 0xdb, 0x18, 0x18, 0x00, 0x00, 0x00, 0x00
   181 000001F5 DB181800000000     
   182 000001FC 0080C0E0F0F8FEF8F0-     	db 0x00, 0x80, 0xc0, 0xe0, 0xf0, 0xf8, 0xfe, 0xf8, 0xf0, 0xe0, 0xc0, 0x80, 0x00, 0x00, 0x00, 0x00
   182 00000205 E0C08000000000     
   183 0000020C 0002060E1E3EFE3E1E-     	db 0x00, 0x02, 0x06, 0x0e, 0x1e, 0x3e, 0xfe, 0x3e, 0x1e, 0x0e, 0x06, 0x02, 0x00, 0x00, 0x00, 0x00
   183 00000215 0E060200000000     
   184 0000021C 0000183C7E1818187E-     	db 0x00, 0x00, 0x18, 0x3c, 0x7e, 0x18, 0x18, 0x18, 0x7e, 0x3c, 0x18, 0x00, 0x00, 0x00, 0x00, 0x00
   184 00000225 3C180000000000     
   185 0000022C 000066666666666666-     	db 0x00, 0x00, 0x66, 0x66, 0x66, 0x66, 0x66, 0x66, 0x66, 0x00, 0x66, 0x66, 0x00, 0x00, 0x00, 0x00
   185 00000235 00666600000000     
   186 0000023C 00007FDBDBDB7B1B1B-     	db 0x00, 0x00, 0x7f, 0xdb, 0xdb, 0xdb, 0x7b, 0x1b, 0x1b, 0x1b, 0x1b, 0x1b, 0x00, 0x00, 0x00, 0x00
   186 00000245 1B1B1B00000000     
   187 0000024C 007CC660386CC6C66C-     	db 0x00, 0x7c, 0xc6, 0x60, 0x38, 0x6c, 0xc6, 0xc6, 0x6c, 0x38, 0x0c, 0xc6, 0x7c, 0x00, 0x00, 0x00
   187 00000255 380CC67C000000     
   188 0000025C 0000000000000000FE-     	db 0x00, 0x00, 0x00, 0x00, 0x00, 0x00, 0x00, 0x00, 0xfe, 0xfe, 0xfe, 0xfe, 0x00, 0x00, 0x00, 0x00
   188 00000265 FEFEFE00000000     
   189 0000026C 0000183C7E1818187E-     	db 0x00, 0x00, 0x18, 0x3c, 0x7e, 0x18, 0x18, 0x18, 0x7e, 0x3c, 0x18, 0x7e, 0x00, 0x00, 0x00, 0x00
   189 00000275 3C187E00000000     
   190 0000027C 0000183C7E18181818-     	db 0x00, 0x00, 0x18, 0x3c, 0x7e, 0x18, 0x18, 0x18, 0x18, 0x18, 0x18, 0x18, 0x00, 0x00, 0x00, 0x00
   190 00000285 18181800000000     
   191 0000028C 000018181818181818-     	db 0x00, 0x00, 0x18, 0x18, 0x18, 0x18, 0x18, 0x18, 0x18, 0x7e, 0x3c, 0x18, 0x00, 0x00, 0x00, 0x00
   191 00000295 7E3C1800000000     
   192 0000029C 0000000000180CFE0C-     	db 0x00, 0x00, 0x00, 0x00, 0x00, 0x18, 0x0c, 0xfe, 0x0c, 0x18, 0x00, 0x00, 0x00, 0x00, 0x00, 0x00
   192 000002A5 18000000000000     
   193 000002AC 00000000003060FE60-     	db 0x00, 0x00, 0x00, 0x00, 0x00, 0x30, 0x60, 0xfe, 0x60, 0x30, 0x00, 0x00, 0x00, 0x00, 0x00, 0x00
   193 000002B5 30000000000000     
   194 000002BC 000000000000C0C0C0-     	db 0x00, 0x00, 0x00, 0x00, 0x00, 0x00, 0xc0, 0xc0, 0xc0, 0xfe, 0x00, 0x00, 0x00, 0x00, 0x00, 0x00
   194 000002C5 FE000000000000     
   195 000002CC 00000000002466FF66-     	db 0x00, 0x00, 0x00, 0x00, 0x00, 0x24, 0x66, 0xff, 0x66, 0x24, 0x00, 0x00, 0x00, 0x00, 0x00, 0x00
   195 000002D5 24000000000000     
   196 000002DC 000000001038387C7C-     	db 0x00, 0x00, 0x00, 0x00, 0x10, 0x38, 0x38, 0x7c, 0x7c, 0xfe, 0xfe, 0x00, 0x00, 0x00, 0x00, 0x00
   196 000002E5 FEFE0000000000     
   197 000002EC 00000000FEFE7C7C38-     	db 0x00, 0x00, 0x00, 0x00, 0xfe, 0xfe, 0x7c, 0x7c, 0x38, 0x38, 0x10, 0x00, 0x00, 0x00, 0x00, 0x00
   197 000002F5 38100000000000     
   198 000002FC 000000000000000000-     	db 0x00, 0x00, 0x00, 0x00, 0x00, 0x00, 0x00, 0x00, 0x00, 0x00, 0x00, 0x00, 0x00, 0x00, 0x00, 0x00
   198 00000305 00000000000000     
   199 0000030C 0000183C3C3C181818-     	db 0x00, 0x00, 0x18, 0x3c, 0x3c, 0x3c, 0x18, 0x18, 0x18, 0x00, 0x18, 0x18, 0x00, 0x00, 0x00, 0x00
   199 00000315 00181800000000     
   200 0000031C 006666662400000000-     	db 0x00, 0x66, 0x66, 0x66, 0x24, 0x00, 0x00, 0x00, 0x00, 0x00, 0x00, 0x00, 0x00, 0x00, 0x00, 0x00
   200 00000325 00000000000000     
   201 0000032C 0000006C6CFE6C6C6C-     	db 0x00, 0x00, 0x00, 0x6c, 0x6c, 0xfe, 0x6c, 0x6c, 0x6c, 0xfe, 0x6c, 0x6c, 0x00, 0x00, 0x00, 0x00
   201 00000335 FE6C6C00000000     
   202 0000033C 18187CC6C2C07C0606-     	db 0x18, 0x18, 0x7c, 0xc6, 0xc2, 0xc0, 0x7c, 0x06, 0x06, 0x86, 0xc6, 0x7c, 0x18, 0x18, 0x00, 0x00
   202 00000345 86C67C18180000     
   203 0000034C 00000000C2C60C1830-     	db 0x00, 0x00, 0x00, 0x00, 0xc2, 0xc6, 0x0c, 0x18, 0x30, 0x60, 0xc6, 0x86, 0x00, 0x00, 0x00, 0x00
   203 00000355 60C68600000000     
   204 0000035C 0000386C6C3876DCCC-     	db 0x00, 0x00, 0x38, 0x6c, 0x6c, 0x38, 0x76, 0xdc, 0xcc, 0xcc, 0xcc, 0x76, 0x00, 0x00, 0x00, 0x00
   204 00000365 CCCC7600000000     
   205 0000036C 003030306000000000-     	db 0x00, 0x30, 0x30, 0x30, 0x60, 0x00, 0x00, 0x00, 0x00, 0x00, 0x00, 0x00, 0x00, 0x00, 0x00, 0x00
   205 00000375 00000000000000     
   206 0000037C 00000C183030303030-     	db 0x00, 0x00, 0x0c, 0x18, 0x30, 0x30, 0x30, 0x30, 0x30, 0x30, 0x18, 0x0c, 0x00, 0x00, 0x00, 0x00
   206 00000385 30180C00000000     
   207 0000038C 000030180C0C0C0C0C-     	db 0x00, 0x00, 0x30, 0x18, 0x0c, 0x0c, 0x0c, 0x0c, 0x0c, 0x0c, 0x18, 0x30, 0x00, 0x00, 0x00, 0x00
   207 00000395 0C183000000000     
   208 0000039C 0000000000663CFF3C-     	db 0x00, 0x00, 0x00, 0x00, 0x00, 0x66, 0x3c, 0xff, 0x3c, 0x66, 0x00, 0x00, 0x00, 0x00, 0x00, 0x00
   208 000003A5 66000000000000     
   209 000003AC 000000000018187E18-     	db 0x00, 0x00, 0x00, 0x00, 0x00, 0x18, 0x18, 0x7e, 0x18, 0x18, 0x00, 0x00, 0x00, 0x00, 0x00, 0x00
   209 000003B5 18000000000000     
   210 000003BC 000000000000000000-     	db 0x00, 0x00, 0x00, 0x00, 0x00, 0x00, 0x00, 0x00, 0x00, 0x18, 0x18, 0x18, 0x30, 0x00, 0x00, 0x00
   210 000003C5 18181830000000     
   211 000003CC 00000000000000FE00-     	db 0x00, 0x00, 0x00, 0x00, 0x00, 0x00, 0x00, 0xfe, 0x00, 0x00, 0x00, 0x00, 0x00, 0x00, 0x00, 0x00
   211 000003D5 00000000000000     
   212 000003DC 000000000000000000-     	db 0x00, 0x00, 0x00, 0x00, 0x00, 0x00, 0x00, 0x00, 0x00, 0x00, 0x18, 0x18, 0x00, 0x00, 0x00, 0x00
   212 000003E5 00181800000000     
   213 000003EC 0000000002060C1830-     	db 0x00, 0x00, 0x00, 0x00, 0x02, 0x06, 0x0c, 0x18, 0x30, 0x60, 0xc0, 0x80, 0x00, 0x00, 0x00, 0x00
   213 000003F5 60C08000000000     
   214 000003FC 00003C66C3C3DBDBC3-     	db 0x00, 0x00, 0x3c, 0x66, 0xc3, 0xc3, 0xdb, 0xdb, 0xc3, 0xc3, 0x66, 0x3c, 0x00, 0x00, 0x00, 0x00
   214 00000405 C3663C00000000     
   215 0000040C 000018387818181818-     	db 0x00, 0x00, 0x18, 0x38, 0x78, 0x18, 0x18, 0x18, 0x18, 0x18, 0x18, 0x7e, 0x00, 0x00, 0x00, 0x00
   215 00000415 18187E00000000     
   216 0000041C 00007CC6060C183060-     	db 0x00, 0x00, 0x7c, 0xc6, 0x06, 0x0c, 0x18, 0x30, 0x60, 0xc0, 0xc6, 0xfe, 0x00, 0x00, 0x00, 0x00
   216 00000425 C0C6FE00000000     
   217 0000042C 00007CC606063C0606-     	db 0x00, 0x00, 0x7c, 0xc6, 0x06, 0x06, 0x3c, 0x06, 0x06, 0x06, 0xc6, 0x7c, 0x00, 0x00, 0x00, 0x00
   217 00000435 06C67C00000000     
   218 0000043C 00000C1C3C6CCCFE0C-     	db 0x00, 0x00, 0x0c, 0x1c, 0x3c, 0x6c, 0xcc, 0xfe, 0x0c, 0x0c, 0x0c, 0x1e, 0x00, 0x00, 0x00, 0x00
   218 00000445 0C0C1E00000000     
   219 0000044C 0000FEC0C0C0FC0606-     	db 0x00, 0x00, 0xfe, 0xc0, 0xc0, 0xc0, 0xfc, 0x06, 0x06, 0x06, 0xc6, 0x7c, 0x00, 0x00, 0x00, 0x00
   219 00000455 06C67C00000000     
   220 0000045C 00003860C0C0FCC6C6-     	db 0x00, 0x00, 0x38, 0x60, 0xc0, 0xc0, 0xfc, 0xc6, 0xc6, 0xc6, 0xc6, 0x7c, 0x00, 0x00, 0x00, 0x00
   220 00000465 C6C67C00000000     
   221 0000046C 0000FEC606060C1830-     	db 0x00, 0x00, 0xfe, 0xc6, 0x06, 0x06, 0x0c, 0x18, 0x30, 0x30, 0x30, 0x30, 0x00, 0x00, 0x00, 0x00
   221 00000475 30303000000000     
   222 0000047C 00007CC6C6C67CC6C6-     	db 0x00, 0x00, 0x7c, 0xc6, 0xc6, 0xc6, 0x7c, 0xc6, 0xc6, 0xc6, 0xc6, 0x7c, 0x00, 0x00, 0x00, 0x00
   222 00000485 C6C67C00000000     
   223 0000048C 00007CC6C6C67E0606-     	db 0x00, 0x00, 0x7c, 0xc6, 0xc6, 0xc6, 0x7e, 0x06, 0x06, 0x06, 0x0c, 0x78, 0x00, 0x00, 0x00, 0x00
   223 00000495 060C7800000000     
   224 0000049C 000000001818000000-     	db 0x00, 0x00, 0x00, 0x00, 0x18, 0x18, 0x00, 0x00, 0x00, 0x18, 0x18, 0x00, 0x00, 0x00, 0x00, 0x00
   224 000004A5 18180000000000     
   225 000004AC 000000001818000000-     	db 0x00, 0x00, 0x00, 0x00, 0x18, 0x18, 0x00, 0x00, 0x00, 0x18, 0x18, 0x30, 0x00, 0x00, 0x00, 0x00
   225 000004B5 18183000000000     
   226 000004BC 000000060C18306030-     	db 0x00, 0x00, 0x00, 0x06, 0x0c, 0x18, 0x30, 0x60, 0x30, 0x18, 0x0c, 0x06, 0x00, 0x00, 0x00, 0x00
   226 000004C5 180C0600000000     
   227 000004CC 00000000007E00007E-     	db 0x00, 0x00, 0x00, 0x00, 0x00, 0x7e, 0x00, 0x00, 0x7e, 0x00, 0x00, 0x00, 0x00, 0x00, 0x00, 0x00
   227 000004D5 00000000000000     
   228 000004DC 0000006030180C060C-     	db 0x00, 0x00, 0x00, 0x60, 0x30, 0x18, 0x0c, 0x06, 0x0c, 0x18, 0x30, 0x60, 0x00, 0x00, 0x00, 0x00
   228 000004E5 18306000000000     
   229 000004EC 00007CC6C60C181818-     	db 0x00, 0x00, 0x7c, 0xc6, 0xc6, 0x0c, 0x18, 0x18, 0x18, 0x00, 0x18, 0x18, 0x00, 0x00, 0x00, 0x00
   229 000004F5 00181800000000     
   230 000004FC 0000007CC6C6DEDEDE-     	db 0x00, 0x00, 0x00, 0x7c, 0xc6, 0xc6, 0xde, 0xde, 0xde, 0xdc, 0xc0, 0x7c, 0x00, 0x00, 0x00, 0x00
   230 00000505 DCC07C00000000     
   231 0000050C 000010386CC6C6FEC6-     	db 0x00, 0x00, 0x10, 0x38, 0x6c, 0xc6, 0xc6, 0xfe, 0xc6, 0xc6, 0xc6, 0xc6, 0x00, 0x00, 0x00, 0x00
   231 00000515 C6C6C600000000     
   232 0000051C 0000FC6666667C6666-     	db 0x00, 0x00, 0xfc, 0x66, 0x66, 0x66, 0x7c, 0x66, 0x66, 0x66, 0x66, 0xfc, 0x00, 0x00, 0x00, 0x00
   232 00000525 6666FC00000000     
   233 0000052C 00003C66C2C0C0C0C0-     	db 0x00, 0x00, 0x3c, 0x66, 0xc2, 0xc0, 0xc0, 0xc0, 0xc0, 0xc2, 0x66, 0x3c, 0x00, 0x00, 0x00, 0x00
   233 00000535 C2663C00000000     
   234 0000053C 0000F86C6666666666-     	db 0x00, 0x00, 0xf8, 0x6c, 0x66, 0x66, 0x66, 0x66, 0x66, 0x66, 0x6c, 0xf8, 0x00, 0x00, 0x00, 0x00
   234 00000545 666CF800000000     
   235 0000054C 0000FE666268786860-     	db 0x00, 0x00, 0xfe, 0x66, 0x62, 0x68, 0x78, 0x68, 0x60, 0x62, 0x66, 0xfe, 0x00, 0x00, 0x00, 0x00
   235 00000555 6266FE00000000     
   236 0000055C 0000FE666268786860-     	db 0x00, 0x00, 0xfe, 0x66, 0x62, 0x68, 0x78, 0x68, 0x60, 0x60, 0x60, 0xf0, 0x00, 0x00, 0x00, 0x00
   236 00000565 6060F000000000     
   237 0000056C 00003C66C2C0C0DEC6-     	db 0x00, 0x00, 0x3c, 0x66, 0xc2, 0xc0, 0xc0, 0xde, 0xc6, 0xc6, 0x66, 0x3a, 0x00, 0x00, 0x00, 0x00
   237 00000575 C6663A00000000     
   238 0000057C 0000C6C6C6C6FEC6C6-     	db 0x00, 0x00, 0xc6, 0xc6, 0xc6, 0xc6, 0xfe, 0xc6, 0xc6, 0xc6, 0xc6, 0xc6, 0x00, 0x00, 0x00, 0x00
   238 00000585 C6C6C600000000     
   239 0000058C 00003C181818181818-     	db 0x00, 0x00, 0x3c, 0x18, 0x18, 0x18, 0x18, 0x18, 0x18, 0x18, 0x18, 0x3c, 0x00, 0x00, 0x00, 0x00
   239 00000595 18183C00000000     
   240 0000059C 00001E0C0C0C0C0CCC-     	db 0x00, 0x00, 0x1e, 0x0c, 0x0c, 0x0c, 0x0c, 0x0c, 0xcc, 0xcc, 0xcc, 0x78, 0x00, 0x00, 0x00, 0x00
   240 000005A5 CCCC7800000000     
   241 000005AC 0000E666666C78786C-     	db 0x00, 0x00, 0xe6, 0x66, 0x66, 0x6c, 0x78, 0x78, 0x6c, 0x66, 0x66, 0xe6, 0x00, 0x00, 0x00, 0x00
   241 000005B5 6666E600000000     
   242 000005BC 0000F0606060606060-     	db 0x00, 0x00, 0xf0, 0x60, 0x60, 0x60, 0x60, 0x60, 0x60, 0x62, 0x66, 0xfe, 0x00, 0x00, 0x00, 0x00
   242 000005C5 6266FE00000000     
   243 000005CC 0000C3E7FFFFDBC3C3-     	db 0x00, 0x00, 0xc3, 0xe7, 0xff, 0xff, 0xdb, 0xc3, 0xc3, 0xc3, 0xc3, 0xc3, 0x00, 0x00, 0x00, 0x00
   243 000005D5 C3C3C300000000     
   244 000005DC 0000C6E6F6FEDECEC6-     	db 0x00, 0x00, 0xc6, 0xe6, 0xf6, 0xfe, 0xde, 0xce, 0xc6, 0xc6, 0xc6, 0xc6, 0x00, 0x00, 0x00, 0x00
   244 000005E5 C6C6C600000000     
   245 000005EC 00007CC6C6C6C6C6C6-     	db 0x00, 0x00, 0x7c, 0xc6, 0xc6, 0xc6, 0xc6, 0xc6, 0xc6, 0xc6, 0xc6, 0x7c, 0x00, 0x00, 0x00, 0x00
   245 000005F5 C6C67C00000000     
   246 000005FC 0000FC6666667C6060-     	db 0x00, 0x00, 0xfc, 0x66, 0x66, 0x66, 0x7c, 0x60, 0x60, 0x60, 0x60, 0xf0, 0x00, 0x00, 0x00, 0x00
   246 00000605 6060F000000000     
   247 0000060C 00007CC6C6C6C6C6C6-     	db 0x00, 0x00, 0x7c, 0xc6, 0xc6, 0xc6, 0xc6, 0xc6, 0xc6, 0xd6, 0xde, 0x7c, 0x0c, 0x0e, 0x00, 0x00
   247 00000615 D6DE7C0C0E0000     
   248 0000061C 0000FC6666667C6C66-     	db 0x00, 0x00, 0xfc, 0x66, 0x66, 0x66, 0x7c, 0x6c, 0x66, 0x66, 0x66, 0xe6, 0x00, 0x00, 0x00, 0x00
   248 00000625 6666E600000000     
   249 0000062C 00007CC6C660380C06-     	db 0x00, 0x00, 0x7c, 0xc6, 0xc6, 0x60, 0x38, 0x0c, 0x06, 0xc6, 0xc6, 0x7c, 0x00, 0x00, 0x00, 0x00
   249 00000635 C6C67C00000000     
   250 0000063C 0000FFDB9918181818-     	db 0x00, 0x00, 0xff, 0xdb, 0x99, 0x18, 0x18, 0x18, 0x18, 0x18, 0x18, 0x3c, 0x00, 0x00, 0x00, 0x00
   250 00000645 18183C00000000     
   251 0000064C 0000C6C6C6C6C6C6C6-     	db 0x00, 0x00, 0xc6, 0xc6, 0xc6, 0xc6, 0xc6, 0xc6, 0xc6, 0xc6, 0xc6, 0x7c, 0x00, 0x00, 0x00, 0x00
   251 00000655 C6C67C00000000     
   252 0000065C 0000C3C3C3C3C3C3C3-     	db 0x00, 0x00, 0xc3, 0xc3, 0xc3, 0xc3, 0xc3, 0xc3, 0xc3, 0x66, 0x3c, 0x18, 0x00, 0x00, 0x00, 0x00
   252 00000665 663C1800000000     
   253 0000066C 0000C3C3C3C3C3DBDB-     	db 0x00, 0x00, 0xc3, 0xc3, 0xc3, 0xc3, 0xc3, 0xdb, 0xdb, 0xff, 0x66, 0x66, 0x00, 0x00, 0x00, 0x00
   253 00000675 FF666600000000     
   254 0000067C 0000C3C3663C18183C-     	db 0x00, 0x00, 0xc3, 0xc3, 0x66, 0x3c, 0x18, 0x18, 0x3c, 0x66, 0xc3, 0xc3, 0x00, 0x00, 0x00, 0x00
   254 00000685 66C3C300000000     
   255 0000068C 0000C3C3C3663C1818-     	db 0x00, 0x00, 0xc3, 0xc3, 0xc3, 0x66, 0x3c, 0x18, 0x18, 0x18, 0x18, 0x3c, 0x00, 0x00, 0x00, 0x00
   255 00000695 18183C00000000     
   256 0000069C 0000FFC3860C183060-     	db 0x00, 0x00, 0xff, 0xc3, 0x86, 0x0c, 0x18, 0x30, 0x60, 0xc1, 0xc3, 0xff, 0x00, 0x00, 0x00, 0x00
   256 000006A5 C1C3FF00000000     
   257 000006AC 00003C303030303030-     	db 0x00, 0x00, 0x3c, 0x30, 0x30, 0x30, 0x30, 0x30, 0x30, 0x30, 0x30, 0x3c, 0x00, 0x00, 0x00, 0x00
   257 000006B5 30303C00000000     
   258 000006BC 00000080C0E070381C-     	db 0x00, 0x00, 0x00, 0x80, 0xc0, 0xe0, 0x70, 0x38, 0x1c, 0x0e, 0x06, 0x02, 0x00, 0x00, 0x00, 0x00
   258 000006C5 0E060200000000     
   259 000006CC 00003C0C0C0C0C0C0C-     	db 0x00, 0x00, 0x3c, 0x0c, 0x0c, 0x0c, 0x0c, 0x0c, 0x0c, 0x0c, 0x0c, 0x3c, 0x00, 0x00, 0x00, 0x00
   259 000006D5 0C0C3C00000000     
   260 000006DC 10386CC60000000000-     	db 0x10, 0x38, 0x6c, 0xc6, 0x00, 0x00, 0x00, 0x00, 0x00, 0x00, 0x00, 0x00, 0x00, 0x00, 0x00, 0x00
   260 000006E5 00000000000000     
   261 000006EC 000000000000000000-     	db 0x00, 0x00, 0x00, 0x00, 0x00, 0x00, 0x00, 0x00, 0x00, 0x00, 0x00, 0x00, 0x00, 0xff, 0x00, 0x00
   261 000006F5 00000000FF0000     
   262 000006FC 303018000000000000-     	db 0x30, 0x30, 0x18, 0x00, 0x00, 0x00, 0x00, 0x00, 0x00, 0x00, 0x00, 0x00, 0x00, 0x00, 0x00, 0x00
   262 00000705 00000000000000     
   263 0000070C 0000000000780C7CCC-     	db 0x00, 0x00, 0x00, 0x00, 0x00, 0x78, 0x0c, 0x7c, 0xcc, 0xcc, 0xcc, 0x76, 0x00, 0x00, 0x00, 0x00
   263 00000715 CCCC7600000000     
   264 0000071C 0000E06060786C6666-     	db 0x00, 0x00, 0xe0, 0x60, 0x60, 0x78, 0x6c, 0x66, 0x66, 0x66, 0x66, 0x7c, 0x00, 0x00, 0x00, 0x00
   264 00000725 66667C00000000     
   265 0000072C 00000000007CC6C0C0-     	db 0x00, 0x00, 0x00, 0x00, 0x00, 0x7c, 0xc6, 0xc0, 0xc0, 0xc0, 0xc6, 0x7c, 0x00, 0x00, 0x00, 0x00
   265 00000735 C0C67C00000000     
   266 0000073C 00001C0C0C3C6CCCCC-     	db 0x00, 0x00, 0x1c, 0x0c, 0x0c, 0x3c, 0x6c, 0xcc, 0xcc, 0xcc, 0xcc, 0x76, 0x00, 0x00, 0x00, 0x00
   266 00000745 CCCC7600000000     
   267 0000074C 00000000007CC6FEC0-     	db 0x00, 0x00, 0x00, 0x00, 0x00, 0x7c, 0xc6, 0xfe, 0xc0, 0xc0, 0xc6, 0x7c, 0x00, 0x00, 0x00, 0x00
   267 00000755 C0C67C00000000     
   268 0000075C 0000386C6460F06060-     	db 0x00, 0x00, 0x38, 0x6c, 0x64, 0x60, 0xf0, 0x60, 0x60, 0x60, 0x60, 0xf0, 0x00, 0x00, 0x00, 0x00
   268 00000765 6060F000000000     
   269 0000076C 000000000076CCCCCC-     	db 0x00, 0x00, 0x00, 0x00, 0x00, 0x76, 0xcc, 0xcc, 0xcc, 0xcc, 0xcc, 0x7c, 0x0c, 0xcc, 0x78, 0x00
   269 00000775 CCCC7C0CCC7800     
   270 0000077C 0000E060606C766666-     	db 0x00, 0x00, 0xe0, 0x60, 0x60, 0x6c, 0x76, 0x66, 0x66, 0x66, 0x66, 0xe6, 0x00, 0x00, 0x00, 0x00
   270 00000785 6666E600000000     
   271 0000078C 000018180038181818-     	db 0x00, 0x00, 0x18, 0x18, 0x00, 0x38, 0x18, 0x18, 0x18, 0x18, 0x18, 0x3c, 0x00, 0x00, 0x00, 0x00
   271 00000795 18183C00000000     
   272 0000079C 00000606000E060606-     	db 0x00, 0x00, 0x06, 0x06, 0x00, 0x0e, 0x06, 0x06, 0x06, 0x06, 0x06, 0x06, 0x66, 0x66, 0x3c, 0x00
   272 000007A5 06060666663C00     
   273 000007AC 0000E06060666C7878-     	db 0x00, 0x00, 0xe0, 0x60, 0x60, 0x66, 0x6c, 0x78, 0x78, 0x6c, 0x66, 0xe6, 0x00, 0x00, 0x00, 0x00
   273 000007B5 6C66E600000000     
   274 000007BC 000038181818181818-     	db 0x00, 0x00, 0x38, 0x18, 0x18, 0x18, 0x18, 0x18, 0x18, 0x18, 0x18, 0x3c, 0x00, 0x00, 0x00, 0x00
   274 000007C5 18183C00000000     
   275 000007CC 0000000000E6FFDBDB-     	db 0x00, 0x00, 0x00, 0x00, 0x00, 0xe6, 0xff, 0xdb, 0xdb, 0xdb, 0xdb, 0xdb, 0x00, 0x00, 0x00, 0x00
   275 000007D5 DBDBDB00000000     
   276 000007DC 0000000000DC666666-     	db 0x00, 0x00, 0x00, 0x00, 0x00, 0xdc, 0x66, 0x66, 0x66, 0x66, 0x66, 0x66, 0x00, 0x00, 0x00, 0x00
   276 000007E5 66666600000000     
   277 000007EC 00000000007CC6C6C6-     	db 0x00, 0x00, 0x00, 0x00, 0x00, 0x7c, 0xc6, 0xc6, 0xc6, 0xc6, 0xc6, 0x7c, 0x00, 0x00, 0x00, 0x00
   277 000007F5 C6C67C00000000     
   278 000007FC 0000000000DC666666-     	db 0x00, 0x00, 0x00, 0x00, 0x00, 0xdc, 0x66, 0x66, 0x66, 0x66, 0x66, 0x7c, 0x60, 0x60, 0xf0, 0x00
   278 00000805 66667C6060F000     
   279 0000080C 000000000076CCCCCC-     	db 0x00, 0x00, 0x00, 0x00, 0x00, 0x76, 0xcc, 0xcc, 0xcc, 0xcc, 0xcc, 0x7c, 0x0c, 0x0c, 0x1e, 0x00
   279 00000815 CCCC7C0C0C1E00     
   280 0000081C 0000000000DC766660-     	db 0x00, 0x00, 0x00, 0x00, 0x00, 0xdc, 0x76, 0x66, 0x60, 0x60, 0x60, 0xf0, 0x00, 0x00, 0x00, 0x00
   280 00000825 6060F000000000     
   281 0000082C 00000000007CC66038-     	db 0x00, 0x00, 0x00, 0x00, 0x00, 0x7c, 0xc6, 0x60, 0x38, 0x0c, 0xc6, 0x7c, 0x00, 0x00, 0x00, 0x00
   281 00000835 0CC67C00000000     
   282 0000083C 0000103030FC303030-     	db 0x00, 0x00, 0x10, 0x30, 0x30, 0xfc, 0x30, 0x30, 0x30, 0x30, 0x36, 0x1c, 0x00, 0x00, 0x00, 0x00
   282 00000845 30361C00000000     
   283 0000084C 0000000000CCCCCCCC-     	db 0x00, 0x00, 0x00, 0x00, 0x00, 0xcc, 0xcc, 0xcc, 0xcc, 0xcc, 0xcc, 0x76, 0x00, 0x00, 0x00, 0x00
   283 00000855 CCCC7600000000     
   284 0000085C 0000000000C3C3C3C3-     	db 0x00, 0x00, 0x00, 0x00, 0x00, 0xc3, 0xc3, 0xc3, 0xc3, 0x66, 0x3c, 0x18, 0x00, 0x00, 0x00, 0x00
   284 00000865 663C1800000000     
   285 0000086C 0000000000C3C3C3DB-     	db 0x00, 0x00, 0x00, 0x00, 0x00, 0xc3, 0xc3, 0xc3, 0xdb, 0xdb, 0xff, 0x66, 0x00, 0x00, 0x00, 0x00
   285 00000875 DBFF6600000000     
   286 0000087C 0000000000C3663C18-     	db 0x00, 0x00, 0x00, 0x00, 0x00, 0xc3, 0x66, 0x3c, 0x18, 0x3c, 0x66, 0xc3, 0x00, 0x00, 0x00, 0x00
   286 00000885 3C66C300000000     
   287 0000088C 0000000000C6C6C6C6-     	db 0x00, 0x00, 0x00, 0x00, 0x00, 0xc6, 0xc6, 0xc6, 0xc6, 0xc6, 0xc6, 0x7e, 0x06, 0x0c, 0xf8, 0x00
   287 00000895 C6C67E060CF800     
   288 0000089C 0000000000FECC1830-     	db 0x00, 0x00, 0x00, 0x00, 0x00, 0xfe, 0xcc, 0x18, 0x30, 0x60, 0xc6, 0xfe, 0x00, 0x00, 0x00, 0x00
   288 000008A5 60C6FE00000000     
   289 000008AC 00000E181818701818-     	db 0x00, 0x00, 0x0e, 0x18, 0x18, 0x18, 0x70, 0x18, 0x18, 0x18, 0x18, 0x0e, 0x00, 0x00, 0x00, 0x00
   289 000008B5 18180E00000000     
   290 000008BC 000018181818001818-     	db 0x00, 0x00, 0x18, 0x18, 0x18, 0x18, 0x00, 0x18, 0x18, 0x18, 0x18, 0x18, 0x00, 0x00, 0x00, 0x00
   290 000008C5 18181800000000     
   291 000008CC 0000701818180E1818-     	db 0x00, 0x00, 0x70, 0x18, 0x18, 0x18, 0x0e, 0x18, 0x18, 0x18, 0x18, 0x70, 0x00, 0x00, 0x00, 0x00
   291 000008D5 18187000000000     
   292 000008DC 000076DC0000000000-     	db 0x00, 0x00, 0x76, 0xdc, 0x00, 0x00, 0x00, 0x00, 0x00, 0x00, 0x00, 0x00, 0x00, 0x00, 0x00, 0x00
   292 000008E5 00000000000000     
   293 000008EC 0000000010386CC6C6-     	db 0x00, 0x00, 0x00, 0x00, 0x10, 0x38, 0x6c, 0xc6, 0xc6, 0xc6, 0xfe, 0x00, 0x00, 0x00, 0x00, 0x00
   293 000008F5 C6FE0000000000     
   294 000008FC 00003C66C2C0C0C0C2-     	db 0x00, 0x00, 0x3c, 0x66, 0xc2, 0xc0, 0xc0, 0xc0, 0xc2, 0x66, 0x3c, 0x0c, 0x06, 0x7c, 0x00, 0x00
   294 00000905 663C0C067C0000     
   295 0000090C 0000CC0000CCCCCCCC-     	db 0x00, 0x00, 0xcc, 0x00, 0x00, 0xcc, 0xcc, 0xcc, 0xcc, 0xcc, 0xcc, 0x76, 0x00, 0x00, 0x00, 0x00
   295 00000915 CCCC7600000000     
   296 0000091C 000C1830007CC6FEC0-     	db 0x00, 0x0c, 0x18, 0x30, 0x00, 0x7c, 0xc6, 0xfe, 0xc0, 0xc0, 0xc6, 0x7c, 0x00, 0x00, 0x00, 0x00
   296 00000925 C0C67C00000000     
   297 0000092C 0010386C00780C7CCC-     	db 0x00, 0x10, 0x38, 0x6c, 0x00, 0x78, 0x0c, 0x7c, 0xcc, 0xcc, 0xcc, 0x76, 0x00, 0x00, 0x00, 0x00
   297 00000935 CCCC7600000000     
   298 0000093C 0000CC0000780C7CCC-     	db 0x00, 0x00, 0xcc, 0x00, 0x00, 0x78, 0x0c, 0x7c, 0xcc, 0xcc, 0xcc, 0x76, 0x00, 0x00, 0x00, 0x00
   298 00000945 CCCC7600000000     
   299 0000094C 0060301800780C7CCC-     	db 0x00, 0x60, 0x30, 0x18, 0x00, 0x78, 0x0c, 0x7c, 0xcc, 0xcc, 0xcc, 0x76, 0x00, 0x00, 0x00, 0x00
   299 00000955 CCCC7600000000     
   300 0000095C 00386C3800780C7CCC-     	db 0x00, 0x38, 0x6c, 0x38, 0x00, 0x78, 0x0c, 0x7c, 0xcc, 0xcc, 0xcc, 0x76, 0x00, 0x00, 0x00, 0x00
   300 00000965 CCCC7600000000     
   301 0000096C 000000003C66606066-     	db 0x00, 0x00, 0x00, 0x00, 0x3c, 0x66, 0x60, 0x60, 0x66, 0x3c, 0x0c, 0x06, 0x3c, 0x00, 0x00, 0x00
   301 00000975 3C0C063C000000     
   302 0000097C 0010386C007CC6FEC0-     	db 0x00, 0x10, 0x38, 0x6c, 0x00, 0x7c, 0xc6, 0xfe, 0xc0, 0xc0, 0xc6, 0x7c, 0x00, 0x00, 0x00, 0x00
   302 00000985 C0C67C00000000     
   303 0000098C 0000C600007CC6FEC0-     	db 0x00, 0x00, 0xc6, 0x00, 0x00, 0x7c, 0xc6, 0xfe, 0xc0, 0xc0, 0xc6, 0x7c, 0x00, 0x00, 0x00, 0x00
   303 00000995 C0C67C00000000     
   304 0000099C 00603018007CC6FEC0-     	db 0x00, 0x60, 0x30, 0x18, 0x00, 0x7c, 0xc6, 0xfe, 0xc0, 0xc0, 0xc6, 0x7c, 0x00, 0x00, 0x00, 0x00
   304 000009A5 C0C67C00000000     
   305 000009AC 000066000038181818-     	db 0x00, 0x00, 0x66, 0x00, 0x00, 0x38, 0x18, 0x18, 0x18, 0x18, 0x18, 0x3c, 0x00, 0x00, 0x00, 0x00
   305 000009B5 18183C00000000     
   306 000009BC 00183C660038181818-     	db 0x00, 0x18, 0x3c, 0x66, 0x00, 0x38, 0x18, 0x18, 0x18, 0x18, 0x18, 0x3c, 0x00, 0x00, 0x00, 0x00
   306 000009C5 18183C00000000     
   307 000009CC 006030180038181818-     	db 0x00, 0x60, 0x30, 0x18, 0x00, 0x38, 0x18, 0x18, 0x18, 0x18, 0x18, 0x3c, 0x00, 0x00, 0x00, 0x00
   307 000009D5 18183C00000000     
   308 000009DC 00C60010386CC6C6FE-     	db 0x00, 0xc6, 0x00, 0x10, 0x38, 0x6c, 0xc6, 0xc6, 0xfe, 0xc6, 0xc6, 0xc6, 0x00, 0x00, 0x00, 0x00
   308 000009E5 C6C6C600000000     
   309 000009EC 386C3800386CC6C6FE-     	db 0x38, 0x6c, 0x38, 0x00, 0x38, 0x6c, 0xc6, 0xc6, 0xfe, 0xc6, 0xc6, 0xc6, 0x00, 0x00, 0x00, 0x00
   309 000009F5 C6C6C600000000     
   310 000009FC 18306000FE66607C60-     	db 0x18, 0x30, 0x60, 0x00, 0xfe, 0x66, 0x60, 0x7c, 0x60, 0x60, 0x66, 0xfe, 0x00, 0x00, 0x00, 0x00
   310 00000A05 6066FE00000000     
   311 00000A0C 00000000006E3B1B7E-     	db 0x00, 0x00, 0x00, 0x00, 0x00, 0x6e, 0x3b, 0x1b, 0x7e, 0xd8, 0xdc, 0x77, 0x00, 0x00, 0x00, 0x00
   311 00000A15 D8DC7700000000     
   312 00000A1C 00003E6CCCCCFECCCC-     	db 0x00, 0x00, 0x3e, 0x6c, 0xcc, 0xcc, 0xfe, 0xcc, 0xcc, 0xcc, 0xcc, 0xce, 0x00, 0x00, 0x00, 0x00
   312 00000A25 CCCCCE00000000     
   313 00000A2C 0010386C007CC6C6C6-     	db 0x00, 0x10, 0x38, 0x6c, 0x00, 0x7c, 0xc6, 0xc6, 0xc6, 0xc6, 0xc6, 0x7c, 0x00, 0x00, 0x00, 0x00
   313 00000A35 C6C67C00000000     
   314 00000A3C 0000C600007CC6C6C6-     	db 0x00, 0x00, 0xc6, 0x00, 0x00, 0x7c, 0xc6, 0xc6, 0xc6, 0xc6, 0xc6, 0x7c, 0x00, 0x00, 0x00, 0x00
   314 00000A45 C6C67C00000000     
   315 00000A4C 00603018007CC6C6C6-     	db 0x00, 0x60, 0x30, 0x18, 0x00, 0x7c, 0xc6, 0xc6, 0xc6, 0xc6, 0xc6, 0x7c, 0x00, 0x00, 0x00, 0x00
   315 00000A55 C6C67C00000000     
   316 00000A5C 003078CC00CCCCCCCC-     	db 0x00, 0x30, 0x78, 0xcc, 0x00, 0xcc, 0xcc, 0xcc, 0xcc, 0xcc, 0xcc, 0x76, 0x00, 0x00, 0x00, 0x00
   316 00000A65 CCCC7600000000     
   317 00000A6C 0060301800CCCCCCCC-     	db 0x00, 0x60, 0x30, 0x18, 0x00, 0xcc, 0xcc, 0xcc, 0xcc, 0xcc, 0xcc, 0x76, 0x00, 0x00, 0x00, 0x00
   317 00000A75 CCCC7600000000     
   318 00000A7C 0000C60000C6C6C6C6-     	db 0x00, 0x00, 0xc6, 0x00, 0x00, 0xc6, 0xc6, 0xc6, 0xc6, 0xc6, 0xc6, 0x7e, 0x06, 0x0c, 0x78, 0x00
   318 00000A85 C6C67E060C7800     
   319 00000A8C 00C6007CC6C6C6C6C6-     	db 0x00, 0xc6, 0x00, 0x7c, 0xc6, 0xc6, 0xc6, 0xc6, 0xc6, 0xc6, 0xc6, 0x7c, 0x00, 0x00, 0x00, 0x00
   319 00000A95 C6C67C00000000     
   320 00000A9C 00C600C6C6C6C6C6C6-     	db 0x00, 0xc6, 0x00, 0xc6, 0xc6, 0xc6, 0xc6, 0xc6, 0xc6, 0xc6, 0xc6, 0x7c, 0x00, 0x00, 0x00, 0x00
   320 00000AA5 C6C67C00000000     
   321 00000AAC 0018187EC3C0C0C0C3-     	db 0x00, 0x18, 0x18, 0x7e, 0xc3, 0xc0, 0xc0, 0xc0, 0xc3, 0x7e, 0x18, 0x18, 0x00, 0x00, 0x00, 0x00
   321 00000AB5 7E181800000000     
   322 00000ABC 00386C6460F0606060-     	db 0x00, 0x38, 0x6c, 0x64, 0x60, 0xf0, 0x60, 0x60, 0x60, 0x60, 0xe6, 0xfc, 0x00, 0x00, 0x00, 0x00
   322 00000AC5 60E6FC00000000     
   323 00000ACC 0000C3663C18FF18FF-     	db 0x00, 0x00, 0xc3, 0x66, 0x3c, 0x18, 0xff, 0x18, 0xff, 0x18, 0x18, 0x18, 0x00, 0x00, 0x00, 0x00
   323 00000AD5 18181800000000     
   324 00000ADC 00FC66667C62666F66-     	db 0x00, 0xfc, 0x66, 0x66, 0x7c, 0x62, 0x66, 0x6f, 0x66, 0x66, 0x66, 0xf3, 0x00, 0x00, 0x00, 0x00
   324 00000AE5 6666F300000000     
   325 00000AEC 000E1B1818187E1818-     	db 0x00, 0x0e, 0x1b, 0x18, 0x18, 0x18, 0x7e, 0x18, 0x18, 0x18, 0x18, 0x18, 0xd8, 0x70, 0x00, 0x00
   325 00000AF5 181818D8700000     
   326 00000AFC 0018306000780C7CCC-     	db 0x00, 0x18, 0x30, 0x60, 0x00, 0x78, 0x0c, 0x7c, 0xcc, 0xcc, 0xcc, 0x76, 0x00, 0x00, 0x00, 0x00
   326 00000B05 CCCC7600000000     
   327 00000B0C 000C18300038181818-     	db 0x00, 0x0c, 0x18, 0x30, 0x00, 0x38, 0x18, 0x18, 0x18, 0x18, 0x18, 0x3c, 0x00, 0x00, 0x00, 0x00
   327 00000B15 18183C00000000     
   328 00000B1C 00183060007CC6C6C6-     	db 0x00, 0x18, 0x30, 0x60, 0x00, 0x7c, 0xc6, 0xc6, 0xc6, 0xc6, 0xc6, 0x7c, 0x00, 0x00, 0x00, 0x00
   328 00000B25 C6C67C00000000     
   329 00000B2C 0018306000CCCCCCCC-     	db 0x00, 0x18, 0x30, 0x60, 0x00, 0xcc, 0xcc, 0xcc, 0xcc, 0xcc, 0xcc, 0x76, 0x00, 0x00, 0x00, 0x00
   329 00000B35 CCCC7600000000     
   330 00000B3C 000076DC00DC666666-     	db 0x00, 0x00, 0x76, 0xdc, 0x00, 0xdc, 0x66, 0x66, 0x66, 0x66, 0x66, 0x66, 0x00, 0x00, 0x00, 0x00
   330 00000B45 66666600000000     
   331 00000B4C 76DC00C6E6F6FEDECE-     	db 0x76, 0xdc, 0x00, 0xc6, 0xe6, 0xf6, 0xfe, 0xde, 0xce, 0xc6, 0xc6, 0xc6, 0x00, 0x00, 0x00, 0x00
   331 00000B55 C6C6C600000000     
   332 00000B5C 003C6C6C3E007E0000-     	db 0x00, 0x3c, 0x6c, 0x6c, 0x3e, 0x00, 0x7e, 0x00, 0x00, 0x00, 0x00, 0x00, 0x00, 0x00, 0x00, 0x00
   332 00000B65 00000000000000     
   333 00000B6C 00386C6C38007C0000-     	db 0x00, 0x38, 0x6c, 0x6c, 0x38, 0x00, 0x7c, 0x00, 0x00, 0x00, 0x00, 0x00, 0x00, 0x00, 0x00, 0x00
   333 00000B75 00000000000000     
   334 00000B7C 0000303000303060C0-     	db 0x00, 0x00, 0x30, 0x30, 0x00, 0x30, 0x30, 0x60, 0xc0, 0xc6, 0xc6, 0x7c, 0x00, 0x00, 0x00, 0x00
   334 00000B85 C6C67C00000000     
   335 00000B8C 000000000000FEC0C0-     	db 0x00, 0x00, 0x00, 0x00, 0x00, 0x00, 0xfe, 0xc0, 0xc0, 0xc0, 0xc0, 0x00, 0x00, 0x00, 0x00, 0x00
   335 00000B95 C0C00000000000     
   336 00000B9C 000000000000FE0606-     	db 0x00, 0x00, 0x00, 0x00, 0x00, 0x00, 0xfe, 0x06, 0x06, 0x06, 0x06, 0x00, 0x00, 0x00, 0x00, 0x00
   336 00000BA5 06060000000000     
   337 00000BAC 00C0C0C2C6CC183060-     	db 0x00, 0xc0, 0xc0, 0xc2, 0xc6, 0xcc, 0x18, 0x30, 0x60, 0xce, 0x9b, 0x06, 0x0c, 0x1f, 0x00, 0x00
   337 00000BB5 CE9B060C1F0000     
   338 00000BBC 00C0C0C2C6CC183066-     	db 0x00, 0xc0, 0xc0, 0xc2, 0xc6, 0xcc, 0x18, 0x30, 0x66, 0xce, 0x96, 0x3e, 0x06, 0x06, 0x00, 0x00
   338 00000BC5 CE963E06060000     
   339 00000BCC 00001818001818183C-     	db 0x00, 0x00, 0x18, 0x18, 0x00, 0x18, 0x18, 0x18, 0x3c, 0x3c, 0x3c, 0x18, 0x00, 0x00, 0x00, 0x00
   339 00000BD5 3C3C1800000000     
   340 00000BDC 0000000000366CD86C-     	db 0x00, 0x00, 0x00, 0x00, 0x00, 0x36, 0x6c, 0xd8, 0x6c, 0x36, 0x00, 0x00, 0x00, 0x00, 0x00, 0x00
   340 00000BE5 36000000000000     
   341 00000BEC 0000000000D86C366C-     	db 0x00, 0x00, 0x00, 0x00, 0x00, 0xd8, 0x6c, 0x36, 0x6c, 0xd8, 0x00, 0x00, 0x00, 0x00, 0x00, 0x00
   341 00000BF5 D8000000000000     
   342 00000BFC 114411441144114411-     	db 0x11, 0x44, 0x11, 0x44, 0x11, 0x44, 0x11, 0x44, 0x11, 0x44, 0x11, 0x44, 0x11, 0x44, 0x11, 0x44
   342 00000C05 44114411441144     
   343 00000C0C 55AA55AA55AA55AA55-     	db 0x55, 0xaa, 0x55, 0xaa, 0x55, 0xaa, 0x55, 0xaa, 0x55, 0xaa, 0x55, 0xaa, 0x55, 0xaa, 0x55, 0xaa
   343 00000C15 AA55AA55AA55AA     
   344 00000C1C DD77DD77DD77DD77DD-     	db 0xdd, 0x77, 0xdd, 0x77, 0xdd, 0x77, 0xdd, 0x77, 0xdd, 0x77, 0xdd, 0x77, 0xdd, 0x77, 0xdd, 0x77
   344 00000C25 77DD77DD77DD77     
   345 00000C2C 181818181818181818-     	db 0x18, 0x18, 0x18, 0x18, 0x18, 0x18, 0x18, 0x18, 0x18, 0x18, 0x18, 0x18, 0x18, 0x18, 0x18, 0x18
   345 00000C35 18181818181818     
   346 00000C3C 18181818181818F818-     	db 0x18, 0x18, 0x18, 0x18, 0x18, 0x18, 0x18, 0xf8, 0x18, 0x18, 0x18, 0x18, 0x18, 0x18, 0x18, 0x18
   346 00000C45 18181818181818     
   347 00000C4C 1818181818F818F818-     	db 0x18, 0x18, 0x18, 0x18, 0x18, 0xf8, 0x18, 0xf8, 0x18, 0x18, 0x18, 0x18, 0x18, 0x18, 0x18, 0x18
   347 00000C55 18181818181818     
   348 00000C5C 36363636363636F636-     	db 0x36, 0x36, 0x36, 0x36, 0x36, 0x36, 0x36, 0xf6, 0x36, 0x36, 0x36, 0x36, 0x36, 0x36, 0x36, 0x36
   348 00000C65 36363636363636     
   349 00000C6C 00000000000000FE36-     	db 0x00, 0x00, 0x00, 0x00, 0x00, 0x00, 0x00, 0xfe, 0x36, 0x36, 0x36, 0x36, 0x36, 0x36, 0x36, 0x36
   349 00000C75 36363636363636     
   350 00000C7C 0000000000F818F818-     	db 0x00, 0x00, 0x00, 0x00, 0x00, 0xf8, 0x18, 0xf8, 0x18, 0x18, 0x18, 0x18, 0x18, 0x18, 0x18, 0x18
   350 00000C85 18181818181818     
   351 00000C8C 3636363636F606F636-     	db 0x36, 0x36, 0x36, 0x36, 0x36, 0xf6, 0x06, 0xf6, 0x36, 0x36, 0x36, 0x36, 0x36, 0x36, 0x36, 0x36
   351 00000C95 36363636363636     
   352 00000C9C 363636363636363636-     	db 0x36, 0x36, 0x36, 0x36, 0x36, 0x36, 0x36, 0x36, 0x36, 0x36, 0x36, 0x36, 0x36, 0x36, 0x36, 0x36
   352 00000CA5 36363636363636     
   353 00000CAC 0000000000FE06F636-     	db 0x00, 0x00, 0x00, 0x00, 0x00, 0xfe, 0x06, 0xf6, 0x36, 0x36, 0x36, 0x36, 0x36, 0x36, 0x36, 0x36
   353 00000CB5 36363636363636     
   354 00000CBC 3636363636F606FE00-     	db 0x36, 0x36, 0x36, 0x36, 0x36, 0xf6, 0x06, 0xfe, 0x00, 0x00, 0x00, 0x00, 0x00, 0x00, 0x00, 0x00
   354 00000CC5 00000000000000     
   355 00000CCC 36363636363636FE00-     	db 0x36, 0x36, 0x36, 0x36, 0x36, 0x36, 0x36, 0xfe, 0x00, 0x00, 0x00, 0x00, 0x00, 0x00, 0x00, 0x00
   355 00000CD5 00000000000000     
   356 00000CDC 1818181818F818F800-     	db 0x18, 0x18, 0x18, 0x18, 0x18, 0xf8, 0x18, 0xf8, 0x00, 0x00, 0x00, 0x00, 0x00, 0x00, 0x00, 0x00
   356 00000CE5 00000000000000     
   357 00000CEC 00000000000000F818-     	db 0x00, 0x00, 0x00, 0x00, 0x00, 0x00, 0x00, 0xf8, 0x18, 0x18, 0x18, 0x18, 0x18, 0x18, 0x18, 0x18
   357 00000CF5 18181818181818     
   358 00000CFC 181818181818181F00-     	db 0x18, 0x18, 0x18, 0x18, 0x18, 0x18, 0x18, 0x1f, 0x00, 0x00, 0x00, 0x00, 0x00, 0x00, 0x00, 0x00
   358 00000D05 00000000000000     
   359 00000D0C 18181818181818FF00-     	db 0x18, 0x18, 0x18, 0x18, 0x18, 0x18, 0x18, 0xff, 0x00, 0x00, 0x00, 0x00, 0x00, 0x00, 0x00, 0x00
   359 00000D15 00000000000000     
   360 00000D1C 00000000000000FF18-     	db 0x00, 0x00, 0x00, 0x00, 0x00, 0x00, 0x00, 0xff, 0x18, 0x18, 0x18, 0x18, 0x18, 0x18, 0x18, 0x18
   360 00000D25 18181818181818     
   361 00000D2C 181818181818181F18-     	db 0x18, 0x18, 0x18, 0x18, 0x18, 0x18, 0x18, 0x1f, 0x18, 0x18, 0x18, 0x18, 0x18, 0x18, 0x18, 0x18
   361 00000D35 18181818181818     
   362 00000D3C 00000000000000FF00-     	db 0x00, 0x00, 0x00, 0x00, 0x00, 0x00, 0x00, 0xff, 0x00, 0x00, 0x00, 0x00, 0x00, 0x00, 0x00, 0x00
   362 00000D45 00000000000000     
   363 00000D4C 18181818181818FF18-     	db 0x18, 0x18, 0x18, 0x18, 0x18, 0x18, 0x18, 0xff, 0x18, 0x18, 0x18, 0x18, 0x18, 0x18, 0x18, 0x18
   363 00000D55 18181818181818     
   364 00000D5C 18181818181F181F18-     	db 0x18, 0x18, 0x18, 0x18, 0x18, 0x1f, 0x18, 0x1f, 0x18, 0x18, 0x18, 0x18, 0x18, 0x18, 0x18, 0x18
   364 00000D65 18181818181818     
   365 00000D6C 363636363636363736-     	db 0x36, 0x36, 0x36, 0x36, 0x36, 0x36, 0x36, 0x37, 0x36, 0x36, 0x36, 0x36, 0x36, 0x36, 0x36, 0x36
   365 00000D75 36363636363636     
   366 00000D7C 363636363637303F00-     	db 0x36, 0x36, 0x36, 0x36, 0x36, 0x37, 0x30, 0x3f, 0x00, 0x00, 0x00, 0x00, 0x00, 0x00, 0x00, 0x00
   366 00000D85 00000000000000     
   367 00000D8C 00000000003F303736-     	db 0x00, 0x00, 0x00, 0x00, 0x00, 0x3f, 0x30, 0x37, 0x36, 0x36, 0x36, 0x36, 0x36, 0x36, 0x36, 0x36
   367 00000D95 36363636363636     
   368 00000D9C 3636363636F700FF00-     	db 0x36, 0x36, 0x36, 0x36, 0x36, 0xf7, 0x00, 0xff, 0x00, 0x00, 0x00, 0x00, 0x00, 0x00, 0x00, 0x00
   368 00000DA5 00000000000000     
   369 00000DAC 0000000000FF00F736-     	db 0x00, 0x00, 0x00, 0x00, 0x00, 0xff, 0x00, 0xf7, 0x36, 0x36, 0x36, 0x36, 0x36, 0x36, 0x36, 0x36
   369 00000DB5 36363636363636     
   370 00000DBC 363636363637303736-     	db 0x36, 0x36, 0x36, 0x36, 0x36, 0x37, 0x30, 0x37, 0x36, 0x36, 0x36, 0x36, 0x36, 0x36, 0x36, 0x36
   370 00000DC5 36363636363636     
   371 00000DCC 0000000000FF00FF00-     	db 0x00, 0x00, 0x00, 0x00, 0x00, 0xff, 0x00, 0xff, 0x00, 0x00, 0x00, 0x00, 0x00, 0x00, 0x00, 0x00
   371 00000DD5 00000000000000     
   372 00000DDC 3636363636F700F736-     	db 0x36, 0x36, 0x36, 0x36, 0x36, 0xf7, 0x00, 0xf7, 0x36, 0x36, 0x36, 0x36, 0x36, 0x36, 0x36, 0x36
   372 00000DE5 36363636363636     
   373 00000DEC 1818181818FF00FF00-     	db 0x18, 0x18, 0x18, 0x18, 0x18, 0xff, 0x00, 0xff, 0x00, 0x00, 0x00, 0x00, 0x00, 0x00, 0x00, 0x00
   373 00000DF5 00000000000000     
   374 00000DFC 36363636363636FF00-     	db 0x36, 0x36, 0x36, 0x36, 0x36, 0x36, 0x36, 0xff, 0x00, 0x00, 0x00, 0x00, 0x00, 0x00, 0x00, 0x00
   374 00000E05 00000000000000     
   375 00000E0C 0000000000FF00FF18-     	db 0x00, 0x00, 0x00, 0x00, 0x00, 0xff, 0x00, 0xff, 0x18, 0x18, 0x18, 0x18, 0x18, 0x18, 0x18, 0x18
   375 00000E15 18181818181818     
   376 00000E1C 00000000000000FF36-     	db 0x00, 0x00, 0x00, 0x00, 0x00, 0x00, 0x00, 0xff, 0x36, 0x36, 0x36, 0x36, 0x36, 0x36, 0x36, 0x36
   376 00000E25 36363636363636     
   377 00000E2C 363636363636363F00-     	db 0x36, 0x36, 0x36, 0x36, 0x36, 0x36, 0x36, 0x3f, 0x00, 0x00, 0x00, 0x00, 0x00, 0x00, 0x00, 0x00
   377 00000E35 00000000000000     
   378 00000E3C 18181818181F181F00-     	db 0x18, 0x18, 0x18, 0x18, 0x18, 0x1f, 0x18, 0x1f, 0x00, 0x00, 0x00, 0x00, 0x00, 0x00, 0x00, 0x00
   378 00000E45 00000000000000     
   379 00000E4C 00000000001F181F18-     	db 0x00, 0x00, 0x00, 0x00, 0x00, 0x1f, 0x18, 0x1f, 0x18, 0x18, 0x18, 0x18, 0x18, 0x18, 0x18, 0x18
   379 00000E55 18181818181818     
   380 00000E5C 000000000000003F36-     	db 0x00, 0x00, 0x00, 0x00, 0x00, 0x00, 0x00, 0x3f, 0x36, 0x36, 0x36, 0x36, 0x36, 0x36, 0x36, 0x36
   380 00000E65 36363636363636     
   381 00000E6C 36363636363636FF36-     	db 0x36, 0x36, 0x36, 0x36, 0x36, 0x36, 0x36, 0xff, 0x36, 0x36, 0x36, 0x36, 0x36, 0x36, 0x36, 0x36
   381 00000E75 36363636363636     
   382 00000E7C 1818181818FF18FF18-     	db 0x18, 0x18, 0x18, 0x18, 0x18, 0xff, 0x18, 0xff, 0x18, 0x18, 0x18, 0x18, 0x18, 0x18, 0x18, 0x18
   382 00000E85 18181818181818     
   383 00000E8C 18181818181818F800-     	db 0x18, 0x18, 0x18, 0x18, 0x18, 0x18, 0x18, 0xf8, 0x00, 0x00, 0x00, 0x00, 0x00, 0x00, 0x00, 0x00
   383 00000E95 00000000000000     
   384 00000E9C 000000000000001F18-     	db 0x00, 0x00, 0x00, 0x00, 0x00, 0x00, 0x00, 0x1f, 0x18, 0x18, 0x18, 0x18, 0x18, 0x18, 0x18, 0x18
   384 00000EA5 18181818181818     
   385 00000EAC FFFFFFFFFFFFFFFFFF-     	db 0xff, 0xff, 0xff, 0xff, 0xff, 0xff, 0xff, 0xff, 0xff, 0xff, 0xff, 0xff, 0xff, 0xff, 0xff, 0xff
   385 00000EB5 FFFFFFFFFFFFFF     
   386 00000EBC 00000000000000FFFF-     	db 0x00, 0x00, 0x00, 0x00, 0x00, 0x00, 0x00, 0xff, 0xff, 0xff, 0xff, 0xff, 0xff, 0xff, 0xff, 0xff
   386 00000EC5 FFFFFFFFFFFFFF     
   387 00000ECC F0F0F0F0F0F0F0F0F0-     	db 0xf0, 0xf0, 0xf0, 0xf0, 0xf0, 0xf0, 0xf0, 0xf0, 0xf0, 0xf0, 0xf0, 0xf0, 0xf0, 0xf0, 0xf0, 0xf0
   387 00000ED5 F0F0F0F0F0F0F0     
   388 00000EDC 0F0F0F0F0F0F0F0F0F-     	db 0x0f, 0x0f, 0x0f, 0x0f, 0x0f, 0x0f, 0x0f, 0x0f, 0x0f, 0x0f, 0x0f, 0x0f, 0x0f, 0x0f, 0x0f, 0x0f
   388 00000EE5 0F0F0F0F0F0F0F     
   389 00000EEC FFFFFFFFFFFFFF0000-     	db 0xff, 0xff, 0xff, 0xff, 0xff, 0xff, 0xff, 0x00, 0x00, 0x00, 0x00, 0x00, 0x00, 0x00, 0x00, 0x00
   389 00000EF5 00000000000000     
   390 00000EFC 000000000076DCD8D8-     	db 0x00, 0x00, 0x00, 0x00, 0x00, 0x76, 0xdc, 0xd8, 0xd8, 0xd8, 0xdc, 0x76, 0x00, 0x00, 0x00, 0x00
   390 00000F05 D8DC7600000000     
   391 00000F0C 000078CCCCCCD8CCC6-     	db 0x00, 0x00, 0x78, 0xcc, 0xcc, 0xcc, 0xd8, 0xcc, 0xc6, 0xc6, 0xc6, 0xcc, 0x00, 0x00, 0x00, 0x00
   391 00000F15 C6C6CC00000000     
   392 00000F1C 0000FEC6C6C0C0C0C0-     	db 0x00, 0x00, 0xfe, 0xc6, 0xc6, 0xc0, 0xc0, 0xc0, 0xc0, 0xc0, 0xc0, 0xc0, 0x00, 0x00, 0x00, 0x00
   392 00000F25 C0C0C000000000     
   393 00000F2C 00000000FE6C6C6C6C-     	db 0x00, 0x00, 0x00, 0x00, 0xfe, 0x6c, 0x6c, 0x6c, 0x6c, 0x6c, 0x6c, 0x6c, 0x00, 0x00, 0x00, 0x00
   393 00000F35 6C6C6C00000000     
   394 00000F3C 000000FEC660301830-     	db 0x00, 0x00, 0x00, 0xfe, 0xc6, 0x60, 0x30, 0x18, 0x30, 0x60, 0xc6, 0xfe, 0x00, 0x00, 0x00, 0x00
   394 00000F45 60C6FE00000000     
   395 00000F4C 00000000007ED8D8D8-     	db 0x00, 0x00, 0x00, 0x00, 0x00, 0x7e, 0xd8, 0xd8, 0xd8, 0xd8, 0xd8, 0x70, 0x00, 0x00, 0x00, 0x00
   395 00000F55 D8D87000000000     
   396 00000F5C 000000006666666666-     	db 0x00, 0x00, 0x00, 0x00, 0x66, 0x66, 0x66, 0x66, 0x66, 0x7c, 0x60, 0x60, 0xc0, 0x00, 0x00, 0x00
   396 00000F65 7C6060C0000000     
   397 00000F6C 0000000076DC181818-     	db 0x00, 0x00, 0x00, 0x00, 0x76, 0xdc, 0x18, 0x18, 0x18, 0x18, 0x18, 0x18, 0x00, 0x00, 0x00, 0x00
   397 00000F75 18181800000000     
   398 00000F7C 0000007E183C666666-     	db 0x00, 0x00, 0x00, 0x7e, 0x18, 0x3c, 0x66, 0x66, 0x66, 0x3c, 0x18, 0x7e, 0x00, 0x00, 0x00, 0x00
   398 00000F85 3C187E00000000     
   399 00000F8C 000000386CC6C6FEC6-     	db 0x00, 0x00, 0x00, 0x38, 0x6c, 0xc6, 0xc6, 0xfe, 0xc6, 0xc6, 0x6c, 0x38, 0x00, 0x00, 0x00, 0x00
   399 00000F95 C66C3800000000     
   400 00000F9C 0000386CC6C6C66C6C-     	db 0x00, 0x00, 0x38, 0x6c, 0xc6, 0xc6, 0xc6, 0x6c, 0x6c, 0x6c, 0x6c, 0xee, 0x00, 0x00, 0x00, 0x00
   400 00000FA5 6C6CEE00000000     
   401 00000FAC 00001E30180C3E6666-     	db 0x00, 0x00, 0x1e, 0x30, 0x18, 0x0c, 0x3e, 0x66, 0x66, 0x66, 0x66, 0x3c, 0x00, 0x00, 0x00, 0x00
   401 00000FB5 66663C00000000     
   402 00000FBC 00000000007EDBDBDB-     	db 0x00, 0x00, 0x00, 0x00, 0x00, 0x7e, 0xdb, 0xdb, 0xdb, 0x7e, 0x00, 0x00, 0x00, 0x00, 0x00, 0x00
   402 00000FC5 7E000000000000     
   403 00000FCC 00000003067EDBDBF3-     	db 0x00, 0x00, 0x00, 0x03, 0x06, 0x7e, 0xdb, 0xdb, 0xf3, 0x7e, 0x60, 0xc0, 0x00, 0x00, 0x00, 0x00
   403 00000FD5 7E60C000000000     
   404 00000FDC 00001C3060607C6060-     	db 0x00, 0x00, 0x1c, 0x30, 0x60, 0x60, 0x7c, 0x60, 0x60, 0x60, 0x30, 0x1c, 0x00, 0x00, 0x00, 0x00
   404 00000FE5 60301C00000000     
   405 00000FEC 0000007CC6C6C6C6C6-     	db 0x00, 0x00, 0x00, 0x7c, 0xc6, 0xc6, 0xc6, 0xc6, 0xc6, 0xc6, 0xc6, 0xc6, 0x00, 0x00, 0x00, 0x00
   405 00000FF5 C6C6C600000000     
   406 00000FFC 00000000FE0000FE00-     	db 0x00, 0x00, 0x00, 0x00, 0xfe, 0x00, 0x00, 0xfe, 0x00, 0x00, 0xfe, 0x00, 0x00, 0x00, 0x00, 0x00
   406 00001005 00FE0000000000     
   407 0000100C 0000000018187E1818-     	db 0x00, 0x00, 0x00, 0x00, 0x18, 0x18, 0x7e, 0x18, 0x18, 0x00, 0x00, 0xff, 0x00, 0x00, 0x00, 0x00
   407 00001015 0000FF00000000     
   408 0000101C 00000030180C060C18-     	db 0x00, 0x00, 0x00, 0x30, 0x18, 0x0c, 0x06, 0x0c, 0x18, 0x30, 0x00, 0x7e, 0x00, 0x00, 0x00, 0x00
   408 00001025 30007E00000000     
   409 0000102C 0000000C1830603018-     	db 0x00, 0x00, 0x00, 0x0c, 0x18, 0x30, 0x60, 0x30, 0x18, 0x0c, 0x00, 0x7e, 0x00, 0x00, 0x00, 0x00
   409 00001035 0C007E00000000     
   410 0000103C 00000E1B1B18181818-     	db 0x00, 0x00, 0x0e, 0x1b, 0x1b, 0x18, 0x18, 0x18, 0x18, 0x18, 0x18, 0x18, 0x18, 0x18, 0x18, 0x18
   410 00001045 18181818181818     
   411 0000104C 1818181818181818D8-     	db 0x18, 0x18, 0x18, 0x18, 0x18, 0x18, 0x18, 0x18, 0xd8, 0xd8, 0xd8, 0x70, 0x00, 0x00, 0x00, 0x00
   411 00001055 D8D87000000000     
   412 0000105C 000000001818007E00-     	db 0x00, 0x00, 0x00, 0x00, 0x18, 0x18, 0x00, 0x7e, 0x00, 0x18, 0x18, 0x00, 0x00, 0x00, 0x00, 0x00
   412 00001065 18180000000000     
   413 0000106C 000000000076DC0076-     	db 0x00, 0x00, 0x00, 0x00, 0x00, 0x76, 0xdc, 0x00, 0x76, 0xdc, 0x00, 0x00, 0x00, 0x00, 0x00, 0x00
   413 00001075 DC000000000000     
   414 0000107C 00386C6C3800000000-     	db 0x00, 0x38, 0x6c, 0x6c, 0x38, 0x00, 0x00, 0x00, 0x00, 0x00, 0x00, 0x00, 0x00, 0x00, 0x00, 0x00
   414 00001085 00000000000000     
   415 0000108C 000000000000001818-     	db 0x00, 0x00, 0x00, 0x00, 0x00, 0x00, 0x00, 0x18, 0x18, 0x00, 0x00, 0x00, 0x00, 0x00, 0x00, 0x00
   415 00001095 00000000000000     
   416 0000109C 000000000000000018-     	db 0x00, 0x00, 0x00, 0x00, 0x00, 0x00, 0x00, 0x00, 0x18, 0x00, 0x00, 0x00, 0x00, 0x00, 0x00, 0x00
   416 000010A5 00000000000000     
   417 000010AC 000F0C0C0C0C0CEC6C-     	db 0x00, 0x0f, 0x0c, 0x0c, 0x0c, 0x0c, 0x0c, 0xec, 0x6c, 0x6c, 0x3c, 0x1c, 0x00, 0x00, 0x00, 0x00
   417 000010B5 6C3C1C00000000     
   418 000010BC 00D86C6C6C6C6C0000-     	db 0x00, 0xd8, 0x6c, 0x6c, 0x6c, 0x6c, 0x6c, 0x00, 0x00, 0x00, 0x00, 0x00, 0x00, 0x00, 0x00, 0x00
   418 000010C5 00000000000000     
   419 000010CC 0070D83060C8F80000-     	db 0x00, 0x70, 0xd8, 0x30, 0x60, 0xc8, 0xf8, 0x00, 0x00, 0x00, 0x00, 0x00, 0x00, 0x00, 0x00, 0x00
   419 000010D5 00000000000000     
   420 000010DC 000000007C7C7C7C7C-     	db 0x00, 0x00, 0x00, 0x00, 0x7c, 0x7c, 0x7c, 0x7c, 0x7c, 0x7c, 0x7c, 0x00, 0x00, 0x00, 0x00, 0x00
   420 000010E5 7C7C0000000000     
   421                                  ;	db 0x00, 0x00, 0x00, 0x00, 0x00, 0x00, 0x00, 0x00, 0x00, 0x00, 0x00, 0x00, 0x00, 0x00, 0x00, 0x00
   422 000010EC FFFFFFFFFFFFFFFFFF-     	db 0xFF, 0xFF, 0xFF, 0xFF, 0xFF, 0xFF, 0xFF, 0xFF, 0xFF, 0xFF, 0xFF, 0xFF, 0xFF, 0xFF, 0xFF, 0xFF
   422 000010F5 FFFFFFFFFFFFFF     
   423                                  
   424                                  ;-----------------------------------------------------------------------------------------------------------------------------------------------;
   425                                  USE16
   426                                  GLOBAL init_screen
   427                                  EXTERN return_init_screen	
   428                                  
   429                                  init_screen:
   430                                  ;	cli
   431                                  ;--------------------------------------------------------------------------------
   432                                  ; Punto de entrada
   433                                  ;--------------------------------------------------------------------------------
   434                                  
   435                                  ; Recorrer bus PCI. Bochs solo soporta bus cero ya que no tiene "PCI to PCI bridge".
   436                                  ; Cada bus tiene hasta 32 dispositivos.
   437                                  ; Si el dispositivo es compuesto puede tener hasta 8 funciones.
   438                                  ; Formato puerto 0x0CF8:
   439                                  ; Bit 31 = Siempre a "1"
   440                                  ; Bits 30-24 = Reservado (siempre a "0")
   441                                  ; Bits 23-16 = Número de bus (0 en nuestra aplicación)
   442                                  ; Bits 15-11 = Número de dispositivo (0-31)
   443                                  ; Bits 10-8 = Número de función (0-7)
   444                                  ; Bits 7-2 = Número de registro
   445                                  ; Bits 1-0: Siempre cero.
   446                                  
   447                                  recorrer_bus_pci:
   448 000010FC 66BD00400000            	mov 	ebp, 0x4000     	; Primera dirección de entrada/salida para PCI.
   449 00001102 66BF000000C0            	mov 	edi, 0xC0000000 	; Primera dirección a asignar a dispositivos PCI.
   450 00001108 66BE00000080            	mov 	esi, 0x80000000 	; Bus 0, dispositivo 0, función 0.
   451                                  
   452                                  ciclo_recorrer_bus_pci:
   453 0000110E 6681FE00000180          	cmp 	esi, 0x80010000 	; Verificar si se recorrió todo el bus 0.
   454 00001115 0F843001                	jz 		fin_recorrido_pci
   455                                  								; Leer registro 0: Bits 31-16: device ID,
   456                                  leer_registro_pci 0        		; Bits 15-0: vendor ID.
   456 00001119 66B800000000        <1>  mov eax, %1
   456 0000111F 6609F0              <1>  or eax, esi
   456 00001122 BAF80C              <1>  mov dx, 0x0CF8
   456 00001125 66EF                <1>  out dx, eax
   456 00001127 BAFC0C              <1>  mov dx, 0x0CFC
   456 0000112A 66ED                <1>  in eax, dx
   457 0000112C 83F8FF                  	cmp 	ax, 0xFFFF      	; Vendor ID 0xFFFF no existe.
   458 0000112F 7509                    	jnz 	dispositivo_hallado
   459 00001131 6681C600080000          	add 	esi,0x0800     		; Ir al siguiente dispositivo
   460 00001138 EBD4                    	jmp 	ciclo_recorrer_bus_pci
   461                                  
   462                                  dispositivo_hallado:			; Leer registro 0x0C: Bit 23: multiple function bit
   463                                  	leer_registro_pci 0x0C
   463 0000113A 66B80C000000        <1>  mov eax, %1
   463 00001140 6609F0              <1>  or eax, esi
   463 00001143 BAF80C              <1>  mov dx, 0x0CF8
   463 00001146 66EF                <1>  out dx, eax
   463 00001148 BAFC0C              <1>  mov dx, 0x0CFC
   463 0000114B 66ED                <1>  in eax, dx
   464 0000114D B508                    	mov 	ch, 8       	    ; Cantidad de funciones a procesar.
   465 0000114F 660FBAE017              	bt 		eax, 23
   466 00001154 7202                    	jc 		procesar_funcion
   467 00001156 B501                    	mov 	ch, 1
   468                                  	
   469                                  procesar_funcion:				; Leer registro 0: Bits 31-16: device ID,
   470                                  	leer_registro_pci 0      	; Bits 15-0: vendor ID.
   470 00001158 66B800000000        <1>  mov eax, %1
   470 0000115E 6609F0              <1>  or eax, esi
   470 00001161 BAF80C              <1>  mov dx, 0x0CF8
   470 00001164 66EF                <1>  out dx, eax
   470 00001166 BAFC0C              <1>  mov dx, 0x0CFC
   470 00001169 66ED                <1>  in eax, dx
   471 0000116B 83F8FF                  	cmp  	ax, 0xFFFF    		; Vendor ID 0xFFFF no existe.
   472 0000116E 7523                    	jnz 	funcion_hallada   
   473                                  
   474                                  ir_a_siguiente_funcion:
   475 00001170 6681C600010000          	add 	esi, 0x0100    		; Ir a la siguiente función
   476 00001177 FECD                    	dec 	ch
   477 00001179 75DD                    	jnz 	procesar_funcion
   478 0000117B 6681EE00010000          	sub 	esi, 0x0100     	; Ir al siguiente dispositivo
   479 00001182 6681CE00070000          	or		esi, 0x0700
   480 00001189 6681C600010000          	add 	esi, 0x0100
   481 00001190 E97BFF                  	jmp 	ciclo_recorrer_bus_pci
   482                                  
   483                                  funcion_hallada:				; Leer registro 0x0C: Bits 22-16: header type
   484                                  	leer_registro_pci 0x0C
   484 00001193 66B80C000000        <1>  mov eax, %1
   484 00001199 6609F0              <1>  or eax, esi
   484 0000119C BAF80C              <1>  mov dx, 0x0CF8
   484 0000119F 66EF                <1>  out dx, eax
   484 000011A1 BAFC0C              <1>  mov dx, 0x0CFC
   484 000011A4 66ED                <1>  in eax, dx
   485 000011A6 66A900007F00            	test 	eax,0x007F0000 		; Solo soportamos header type cero.
   486 000011AC 75C2                    	jnz 	ir_a_siguiente_funcion
   487                                  	leer_registro_pci 0x08		; Leer clase y subclase.
   487 000011AE 66B808000000        <1>  mov eax, %1
   487 000011B4 6609F0              <1>  or eax, esi
   487 000011B7 BAF80C              <1>  mov dx, 0x0CF8
   487 000011BA 66EF                <1>  out dx, eax
   487 000011BC BAFC0C              <1>  mov dx, 0x0CFC
   487 000011BF 66ED                <1>  in eax, dx
   488 000011C1 B110                    	mov 	cl, 0x10         	; Apuntar al primer Base Address Register (BAR)
   489                                  
   490                                  ciclo_llenar_BAR:
   491 000011C3 660FB6C1                	movzx 	eax, cl
   492 000011C7 6609F0                  	or 		eax, esi 
   493 000011CA BAF80C                  	mov		dx, 0x0CF8
   494 000011CD 66EF                    	out		dx, eax
   495 000011CF 66B8FFFFFFFF            	mov 	eax, 0xFFFFFFFF  	; Escribir 0xFFFFFFFF en el BAR
   496 000011D5 BAFC0C                  	mov 	dx, 0x0CFC  
   497 000011D8 66EF                    	out 	dx, eax
   498 000011DA 660FB6C1                	movzx 	eax, cl
   499                                  	leer_registro_pci eax 		; Leerlo.
   499 000011DE 6689C0              <1>  mov eax, %1
   499 000011E1 6609F0              <1>  or eax, esi
   499 000011E4 BAF80C              <1>  mov dx, 0x0CF8
   499 000011E7 66EF                <1>  out dx, eax
   499 000011E9 BAFC0C              <1>  mov dx, 0x0CFC
   499 000011EC 66ED                <1>  in eax, dx
   500 000011EE A801                    	test 	al, 1           	; Ver si el dispositivo está mapeado en memoria.
   501 000011F0 741E                    	jz 		mapeado_en_memoria
   502 000011F2 83E0FC                  	and  	ax, 0xFFFC       	; Eliminar los dos bits que no se usan para ports.
   503 000011F5 7445                    	jz 		ajustar_siguiente_BAR  ; El dispositivo no usa este BAR.
   504 000011F7 66F7D0                  	not 	eax             	; Convertir en cantidad de bytes que se usa - 1.
   505 000011FA 6689C3                  	mov 	ebx, eax
   506 000011FD 4D                      	dec 	bp              	; Poner BP en dirección múltiplo de la cantidad
   507 000011FE 09C5                    	or 		bp, ax            	; de bytes que usa esta función.
   508 00001200 45                      	inc 	bp
   509 00001201 660FB6C1                	movzx 	eax, cl
   510 00001205 6609F0                  	or 		eax, esi 
   511 00001208 BAF80C                  	mov 	dx, 0x0CF8
   512 0000120B 6689E8                  	mov 	eax, ebp
   513 0000120E EB22                    	jmp 	ajustar_BAR
   514                                  
   515                                  mapeado_en_memoria:
   516 00001210 6683E0F0                	and 	eax, 0xFFFFFFF0  	; Eliminar los 4 bits que no se usan para puntero.
   517 00001214 7426                    	jz 		ajustar_siguiente_BAR  ; El dispositivo no usa este BAR.
   518 00001216 66F7D0                  	not 	eax             	; Convertir en cantidad de bytes que se usa - 1.
   519 00001219 6689C3                  	mov 	ebx, eax
   520 0000121C 664F                    	dec 	edi             	; Poner EDI en dirección múltiplo de la cantidad
   521 0000121E 6609C7                  	or 		edi, eax          	; de bytes que usa esta función.
   522 00001221 6647                    	inc 	edi
   523 00001223 660FB6C1                	movzx 	eax, cl
   524 00001227 6609F0                  	or 		eax, esi 
   525 0000122A BAF80C                  	mov 	dx, 0x0CF8
   526 0000122D 66EF                    	out 	dx, eax
   527 0000122F 6689F8                  	mov 	eax, edi
   528                                  
   529                                  ajustar_BAR:
   530 00001232 BAFC0C                  	mov 	dx, 0x0CFC  
   531 00001235 66EF                    	out 	dx, eax
   532 00001237 6601DD                  	add 	ebp, ebx         	; Apuntar a puerto después de esta función.
   533 0000123A 6645                    	inc 	ebp
   534                                  
   535                                  ajustar_siguiente_BAR:
   536 0000123C 80C104                  	add 	cl, 4          	  	; Apuntar al siguiente BAR.
   537 0000123F 80F928                  	cmp 	cl, 0x28         	; Todos los BAR listos?
   538 00001242 0F857DFF                	jnz 	ciclo_llenar_BAR
   539 00001246 E927FF                  	jmp 	ir_a_siguiente_funcion
   540                                  fin_recorrido_pci:
   541                                   
   542                                  ;--------------------------------------------------------------------------------
   543                                  ; Inicializar pantalla con texto
   544                                  ;--------------------------------------------------------------------------------
   545                                  habilitar_modo_texto:
   546                                  ; Set MISC regs
   547 00001249 BAC203                  	mov 	dx, 0x3C2  			; VGA_MISC_ADDR
   548 0000124C B067                    	mov 	al, 0x67
   549 0000124E EE                      	out 	dx, al
   550 0000124F BADA03                  	mov 	dx, 0x3DA  			; VGA_STATUS_ADDR
   551 00001252 B000                    	mov 	al, 0
   552 00001254 EE                      	out 	dx, al
   553                                  ; Send SEQ regs
   554 00001255 FC                      	cld
   555 00001256 B100                    	mov 	cl, 0
   556 00001258 BE[0000]                	mov 	si, seq_regs_data
   557                                  
   558                                  seq_regs_loop:
   559 0000125B BAC403                  	mov dx, 0x3C4  				; Puerto del secuenciador VGA (índice)
   560 0000125E 88C8                    	mov al, cl
   561 00001260 EE                      	out dx, al
   562                                  
   563 00001261 42                      	inc 	dx         			; Puerto del secuenciador VGA (datos)
   564 00001262 2EAC                    	cs 	lodsb       			; Leer dato a escribit en puerto.
   565 00001264 EE                      	out 	dx, al     			; Escribir en controlador VGA.
   566                                  
   567                                  ; continue loop
   568 00001265 FEC1                    	inc 	cl         			; Siguiente índice.
   569 00001267 80F905                  	cmp 	cl, 5
   570 0000126A 75EF                    	jne 	seq_regs_loop
   571                                  
   572                                  ; Eliminar protección de los registros 0 a 7 del controlador VGA.
   573 0000126C B8112C                  	mov 	ax, 0x2C11
   574 0000126F BAD403                  	mov 	dx, 0x3D4  			; VGA_CRTC_ADDR
   575 00001272 EF                      	out 	dx, ax
   576                                  
   577                                  ; send CRTC regs
   578 00001273 B100                    	mov 	cl, 0
   579 00001275 BE[0500]                	mov 	si, crtc_regs_data
   580                                  crtc_regs_loop:
   581 00001278 BAD403                  	mov 	dx, 0x3D4  			; Puerto de índice del controlador VGA
   582 0000127B 88C8                    	mov 	al, cl
   583 0000127D EE                      	out 	dx, al
   584 0000127E 2EAC                    	cs 		lodsb
   585 00001280 42                      	inc 	dx         			; Puerto de datos del controlador VGA.
   586 00001281 EE                      	out 	dx, al
   587 00001282 FEC1                    	inc 	cl
   588 00001284 80F919                  	cmp 	cl, 25
   589 00001287 72EF                    	jb 	crtc_regs_loop
   590                                  
   591                                  inicializar_paleta:
   592 00001289 B100                    	mov 	cl, 0
   593 0000128B BE[3C00]                	mov 	si, palette_data
   594                                  inicializar_paleta_loop:
   595 0000128E BAC803                  	mov 	dx, 0x3C8 			; Puerto de índice paleta
   596 00001291 88C8                    	mov 	al, cl    			; Escribir número de registro
   597 00001293 EE                      	out 	dx, al
   598 00001294 42                      	inc 	dx        			; Apuntar al puerto de datos.
   599 00001295 2EAC                    	cs 		lodsb      			; Leer dato a cargar en el registro.
   600 00001297 EE                      	out 	dx, al    			; Cargar dato en el registro.
   601 00001298 2EAC                    	cs 		lodsb      			; Leer dato a cargar en el registro.
   602 0000129A EE                      	out		dx, al    			; Cargar dato en el registro.
   603 0000129B 2EAC                    	cs 		lodsb      			; Leer dato a cargar en el registro.
   604 0000129D EE                      	out 	dx, al    			; Cargar dato en el registro.
   605 0000129E FEC1                    	inc 	cl
   606 000012A0 80F940                  	cmp 	cl,64
   607 000012A3 72E9                    	jb 		inicializar_paleta_loop
   608                                  ;Inicializar registros del controlador gráfico de VGA.
   609 000012A5 B100                    	mov 	cl, 0
   610 000012A7 BE[1E00]                	mov 	si, graphics_regs_data
   611                                  graphics_regs_loop:
   612                                  ; send register number to 3CE
   613 000012AA BACE03                  	mov 	dx, 0x3CE 			; VGA_GRAPHICS_CONTROLLER_ADDR
   614 000012AD 88C8                    	mov 	al, cl
   615 000012AF EE                      	out 	dx, al
   616                                  
   617                                  ; send register value to 3CF
   618 000012B0 2EAC                    	cs 		lodsb
   619 000012B2 42                      	inc		dx
   620 000012B3 EE                      	out 	dx, al
   621                                  
   622                                  ; continue GRAPHICS loop
   623 000012B4 FEC1                    	inc 	cl
   624 000012B6 80F909                  	cmp 	cl, 9
   625 000012B9 72EF                    	jb 		graphics_regs_loop
   626                                  
   627                                  ; Habilitar escritura al puerto del controlador de atributos
   628 000012BB BADA03                  	mov 	dx, 0x3DA 			; VGA STATUS ADDR
   629 000012BE EC                      	in 		al, dx
   630                                  ; Inicializar registros del controlador de atributos.
   631 000012BF B100                    	mov 	cl, 0
   632 000012C1 BE[2700]                	mov 	si, attrcon_regs_data
   633                                  attrcon_regs_loop:
   634                                  ; Apuntar al controlador de atributos.
   635 000012C4 BAC003                  	mov 	dx, 0x3C0 			; VGA_ATTRCON_ADDR
   636 000012C7 88C8                    	mov 	al, cl   			; Escribir número de registro
   637 000012C9 EE                      	out 	dx, al
   638 000012CA 2EAC                    	cs 		lodsb      			; Leer dato a cargar en el registro.
   639 000012CC EE                      	out 	dx, al    			; Cargar dato en el registro.
   640                                   
   641 000012CD FEC1                    	inc 	cl        			; Apuntar al siguiente registro.
   642 000012CF 80F915                  	cmp 	cl, 21    			; Ver si se escribieron todos los registros del ATTRCON.
   643 000012D2 72F0                    	jb 		attrcon_regs_loop 	; Saltar si no es así.
   644                                  
   645 000012D4 B020                    	mov 	al, 0x20  			; Reactivar el refresco de pantalla porque la
   646 000012D6 EE                      	out 	dx, al    			; escritura a registros de ATTRCON lo desactiva.
   647                                  
   648 000012D7 BACE03                  	mov 	dx, 0x03ce 			; borrar modo par/impar
   649 000012DA B80500                  	mov 	ax, 5
   650 000012DD EF                      	out 	dx, ax
   651                                  
   652 000012DE B80604                  	mov 	ax, 0x0406 			; Mapear memoria VGA a 0xA0000.
   653 000012E1 EF                      	out 	dx, ax
   654                                  
   655 000012E2 BAC403                  	mov 	dx, 0x03c4			; Poner el plano de bits número 2
   656 000012E5 B80204                  	mov 	ax, 0x0402
   657 000012E8 EF                      	out 	dx, ax
   658                                  
   659 000012E9 B80406                  	mov 	ax, 0x0604  		; Borrar modo par/impar.
   660 000012EC EF                      	out 	dx, ax
   661                                  
   662 000012ED B800A0                  	mov 	ax, 0xA000  		; Copiar mapa de caracteres.
   663 000012F0 8EC0                    	mov 	es, ax
   664 000012F2 BF0000                  	mov 	di, 0x0000
   665 000012F5 BE[FC00]                	mov 	si, font16x8
   666 000012F8 B90001                  	mov 	cx, 256
   667                                  ciclo_copia_fonts:
   668 000012FB 2E66A5                  	cs 		movsd         		; Copiar 16 bytes al bitmap.
   669 000012FE 2E66A5                  	cs 		movsd
   670 00001301 2E66A5                  	cs 		movsd
   671 00001304 2E66A5                  	cs 		movsd
   672 00001307 83C710                  	add 	di, 16       		; Saltear 16 bytes (VGA requiere 32 bytes/carácter)
   673 0000130A E2EF                    	loop 	ciclo_copia_fonts
   674                                  
   675 0000130C B80203                  	mov 	ax, 0x0302   		; Volver a la operación normal.
   676 0000130F EF                      	out 	dx, ax
   677 00001310 B80402                  	mov 	ax, 0x0204
   678 00001313 EF                      	out 	dx, ax
   679 00001314 BACE03                  	mov 	dx, 0x03ce
   680 00001317 B80510                  	mov 	ax, 0x1005
   681 0000131A EF                      	out 	dx, ax
   682 0000131B B8060E                  	mov 	ax, 0x0E06
   683 0000131E EF                      	out 	dx, ax
   684 0000131F E9(0000)                	jmp 	return_init_screen
