     1                                  USE32
     2                                  
     3                                  SECTION .kernel32
     4                                  
     5                                  EXTERN __DATA_VMA
     6                                  EXTERN limpiar_buffer
     7                                  EXTERN msg_bienvenida_VGA
     8                                  EXTERN __VGA_VMA
     9                                  EXTERN __VGA_PHY
    10                                  EXTERN limpiar_VGA
    11                                  EXTERN escribir_mensaje_VGA
    12                                  ;--------------GLOBAL----------------------
    13                                  GLOBAL kernel32_code_size
    14                                  GLOBAL kernel32_init
    15                                  GLOBAL memoria_buffer_reservada
    16                                  GLOBAL contador_timer
    17                                  GLOBAL resultado_promedio
    18                                  GLOBAL dir_lineal_page_fault
    19                                  GLOBAL error_code_PF
    20                                  GLOBAL dir_phy_dinamica
    21                                  GLOBAL page_fault_msg
    22                                  GLOBAL page_fault_msg_2
    23                                  GLOBAL page_fault_msg_3
    24                                  GLOBAL page_fault_msg_4
    25                                  GLOBAL page_fault_msg_5
    26                                  GLOBAL page_fault_msg_6
    27                                  GLOBAL paginas_creadas
    28                                  GLOBAL Stack_aux
    29                                  GLOBAL TSS_aux
    30                                  GLOBAL CR3_aux
    31                                  GLOBAL POINTER_VMA_DIGITS_TABLE
    32                                  ;--------------CODE SIZE----------------
    33                                  kernel21_code_size EQU kernel32_end-kernel32_init
    34                                  ;---------EQU-----------------------------
    35                                  CANTIDAD_DATOS  EQU 10
    36                                  LONG_BUFFER     EQU 16
    37                                  
    38                                  kernel32_init:
    39                                      ;xchg bx,bx              ; Llegue al kernel
    40 00000000 31C0                        xor eax,eax
    41 00000002 31DB                        xor ebx,ebx
    42 00000004 31C9                        xor ecx,ecx
    43 00000006 31D2                        xor edx,edx
    44                                      ; -> Inicializo el buffer del teclado.
    45 00000008 55                          push    ebp
    46 00000009 89E5                        mov     ebp, esp
    47 0000000B 68[00000000]                push dword memoria_buffer_reservada
    48 00000010 E8(00000000)                call limpiar_buffer                     
    49 00000015 C9                          leave
    50                                      ; -> Escribo la pantalla con mensaje fijo.
    51 00000016 55                          push    ebp
    52 00000017 89E5                        mov     ebp, esp
    53 00000019 68[00000000]                push    __VGA_VMA
    54 0000001E E8(00000000)                call msg_bienvenida_VGA                     
    55 00000023 C9                          leave
    56                                      
    57                                      ; -> Escribo título fijo de la tarea 1
    58 00000024 55                          push    ebp
    59 00000025 89E5                        mov     ebp, esp
    60 00000027 6A01                        push    1       ; Es ASCII
    61 00000029 6A3D                        push    61      ; Columna VGA
    62 0000002B 6A00                        push    0       ; Fila    VGA
    63 0000002D 68[F7000000]                push    tarea_1_msg
    64 00000032 E8(00000000)                call    escribir_mensaje_VGA
    65 00000037 C9                          leave
    66                                  
    67                                      ; -> Escribo título fijo de la tarea 2
    68 00000038 55                          push    ebp
    69 00000039 89E5                        mov     ebp, esp
    70 0000003B 6A01                        push    1       ; Es ASCII
    71 0000003D 6A3A                        push    58      ; Columna VGA
    72 0000003F 6A03                        push    3       ; Fila    VGA
    73 00000041 68[0B010000]                push    tarea_2_msg
    74 00000046 E8(00000000)                call    escribir_mensaje_VGA
    75 0000004B C9                          leave
    76                                  
    77                                      ; -> Escribo título fijo de la tarea 3
    78 0000004C 55                          push    ebp
    79 0000004D 89E5                        mov     ebp, esp
    80 0000004F 6A01                        push    1       ; Es ASCII
    81 00000051 6A3A                        push    58      ; Columna VGA
    82 00000053 6A06                        push    6       ; Fila    VGA
    83 00000055 68[22010000]                push    tarea_3_msg
    84 0000005A E8(00000000)                call    escribir_mensaje_VGA
    85 0000005F C9                          leave
    86                                  
    87                                  
    88                                  main:
    89 00000060 F4                          hlt                     ; CPU en HALT aguardando por interrupciones 
    90 00000061 EBFD                        jmp main 
    91                                  
    92                                  guard:
    93 00000063 F4                          hlt                                     
    94 00000064 EBFD                        jmp guard
    95                                  
    96                                  kernel32_end:
    97                                      
    98                                  
    99                                  ;-------- VARIABLES DE DATOS PARA PROPOSITO GENERAL--------------------------
   100                                  SECTION .data_kernel
   101                                  variables_globales:
   102 00000000 <res 00000013>              memoria_buffer_reservada    resb 19             ; Reservo para buffer[0-16] + head[17] + tail[18] + cantidad[19] 
   102          ******************       warning: uninitialized space declared in non-BSS section `.data_kernel': zeroing
   103                                  
   104 00000013 <res 00000001>              contador_timer              resb 1              ; Contador del timer
   104          ******************       warning: uninitialized space declared in non-BSS section `.data_kernel': zeroing
   105                                  
   106                                      ;resultado_promedio          resq 1              ; Resultado del promedio cada 500ms de los dígitos en tabla.
   107                                  
   108 00000014 <res 00000004>              dir_lineal_page_fault       resd 1              ; Dir. Lineal que produjo una Page Fault Exception.
   108          ******************       warning: uninitialized space declared in non-BSS section `.data_kernel': zeroing
   109                                  
   110 00000018 <res 00000004>              error_code_PF               resd 1              ; Código de error del #PF
   110          ******************       warning: uninitialized space declared in non-BSS section `.data_kernel': zeroing
   111                                  
   112 0000001C 0000000A                    dir_phy_dinamica            dd 0x0A000000       ; Dir. Phy. dinámica para salvar el #PF
   113                                  
   114 00000020 <res 00000004>              paginas_creadas             resd  1              ; Cantidad de páginas creadas en el #PF .
   114          ******************       warning: uninitialized space declared in non-BSS section `.data_kernel': zeroing
   115                                  
   116 00000024 <res 00000004>              TSS_aux                     resd  1            ; TSS auxiliar para guardar o leer contextos en memoria
   116          ******************       warning: uninitialized space declared in non-BSS section `.data_kernel': zeroing
   117                                  
   118 00000028 <res 00000004>              CR3_aux                     resd  1               ; CR3 auxiliar para guardar o leer contextos de memoria
   118          ******************       warning: uninitialized space declared in non-BSS section `.data_kernel': zeroing
   119                                  
   120 0000002C <res 00000030>              Stack_aux                   resb 48             ; Stack para leer contexto de memoria 
   120          ******************       warning: uninitialized space declared in non-BSS section `.data_kernel': zeroing
   121                                  mensajes_error:
   122 0000005C 2D2D2D2D2D50414745-         page_fault_msg              db "-----PAGE FAULT-----",0
   122 00000065 204641554C542D2D2D-
   122 0000006E 2D2D00             
   123 00000071 4469722E20564D4120-         page_fault_msg_2            db "Dir. VMA = 0x",0
   123 0000007A 3D20307800         
   124 0000007F 4572726F7220436F64-         page_fault_msg_3            db "Error Code: ",0
   124 00000088 653A2000           
   125 0000008C 506167696E6163696F-         page_fault_msg_4            db "Paginacion OFF. Se puede paginar con VMA del CR2",0
   125 00000095 6E204F46462E205365-
   125 0000009E 207075656465207061-
   125 000000A7 67696E617220636F6E-
   125 000000B0 20564D412064656C20-
   125 000000B9 43523200           
   126 000000BD 506167696E6163696F-         page_fault_msg_5            db "Paginacion exitosa.",0
   126 000000C6 6E20657869746F7361-
   126 000000CF 2E00               
   127 000000D1 2350462048616E646C-         page_fault_msg_6            db "#PF Handler - Paginas de 4K creadas: ",0
   127 000000DA 6572202D2050616769-
   127 000000E3 6E617320646520344B-
   127 000000EC 20637265616461733A-
   127 000000F5 2000               
   128 000000F7 2D2054617265612031-         tarea_1_msg                 db "- Tarea 1: Promedio",0
   128 00000100 3A2050726F6D656469-
   128 00000109 6F00               
   129 0000010B 2D2054617265612032-         tarea_2_msg                 db "- Tarea 2: Suma SIMD 1",0
   129 00000114 3A2053756D61205349-
   129 0000011D 4D44203100         
   130 00000122 2D2054617265612033-         tarea_3_msg                 db "- Tarea 3: Suma SIMD 2",0
   130 0000012B 3A2053756D61205349-
   130 00000134 4D44203200         
   131                                  
   132                                  SECTION .table_digits_64
   133                                  
   134 00000000 <res 00000061>          POINTER_VMA_DIGITS_TABLE        resb (8*10 + 1 + 8 + 8) ;Reservo memoria para 10 dígitos de 8 bytes (64b) + índice de tabla + sumatoria de dígitos + promedio
   134          ******************       warning: uninitialized space declared in non-BSS section `.table_digits_64': zeroing
   135                                   
