     1                                  SECTION .sys_tables
     2                                  ; Direcciones LMA y VMA
     3                                  EXTERN __SYS_TABLES_LMA
     4                                  EXTERN __TECLADO_ISR_VMA
     5                                  ; Etiquetas globales
     6                                  GLOBAL  CS_SEL_32
     7                                  GLOBAL  DS_SEL_32
     8                                  GLOBAL  _gdtr_32
     9                                  GLOBAL  _idtr_32
    10                                  ; Parte baja de direcciones de los handlers
    11                                  EXTERN L_ISR00_Handler_DE
    12                                  EXTERN L_ISR01_Handler_DB
    13                                  EXTERN L_ISR02_Handler_NMI
    14                                  EXTERN L_ISR03_Handler_BP
    15                                  EXTERN L_ISR04_Handler_OF
    16                                  EXTERN L_ISR05_Handler_BR
    17                                  EXTERN L_ISR06_Handler_UD
    18                                  EXTERN L_ISR07_Handler_NM
    19                                  EXTERN L_ISR08_Handler_DF
    20                                  EXTERN L_ISR10_Handler_TS
    21                                  EXTERN L_ISR11_Handler_NP
    22                                  EXTERN L_ISR12_Handler_SS
    23                                  EXTERN L_ISR13_Handler_GP
    24                                  EXTERN L_ISR14_Handler_PF
    25                                  EXTERN L_ISR16_Handler_MF
    26                                  EXTERN L_ISR17_Handler_AC
    27                                  EXTERN L_ISR18_Handler_MC
    28                                  EXTERN L_ISR19_Handler_XM
    29                                  EXTERN L_IRQ00_Handler
    30                                  EXTERN L_IRQ01_Handler
    31                                  ; Parte alta de las direcciones de los Handlers
    32                                  H_ISRXX_Handler     EQU 0x0010
    33                                  
    34                                  ;-------------------GDT 32 BITS ----------------
    35                                  ;Cada descriptor tiene 8 bytes.
    36                                  GDT_32:
    37                                  NULL_SEL    equ $-GDT_32       ;0x00
    38 00000000 0000000000000000            dq 0x0
    39                                  CS_SEL_32   equ $-GDT_32       ;0x10
    40 00000008 FFFF                        dw 0xFFFF       ;Limit 15-0
    41 0000000A 0000                        dw 0x0000       ;Base 15-0
    42 0000000C 00                          db 0x00         ;Base 23-16
    43 0000000D 99                          db 10011001b    ;Atributos:                   
    44                                                          ;P=1 Presente en el segmento
    45                                                          ;DPL=00 Privilegio nivel 0 - Kernel
    46                                                          ;S=1 Descriptor de Codigo/Datos        
    47                                                          ;D/C=1 Segmento de Codigo 
    48                                                          ;C=0 No puede ser invocado
    49                                                          ;R=0 No legible
    50                                                          ;A=1 por defecto Accedido
    51 0000000E CF                          db 11001111b    ;Limit 19-16 (Parte baja)
    52                                                      ;Parte alta:
    53                                                          ;G=1 Maximo offset = Limite*0x1000+0xFFF
    54                                                          ;D/B=1 Big, Segmento de 32
    55                                                          ;L=0 No 64 bits nativo
    56                                                          ;AVL=0 No utilizado
    57 0000000F 00                          db 0x00         ;Base
    58                                  DS_SEL_32      equ $-GDT_32       ;0X20
    59 00000010 FFFF                        dw 0xFFFF       ;Limit 15-0
    60 00000012 0000                        dw 0x0000       ;Base 15-0
    61 00000014 00                          db 0x00         ;Base 23-16
    62 00000015 92                          db 10010010b    ;Atributos:
    63                                                          ;P=1 Presente en el segmento
    64                                                          ;DPL=00 Privilegio nivel 0 - Kernel
    65                                                          ;S=1 Descriptor de Codigo/Datos                        
    66                                                          ;D/C=0 Segmento de Datos 
    67                                                          ;ED=0 Segmento de datos comun
    68                                                          ;W=1 Escribible
    69                                                          ;A=0 por defecto No Accedido
    70 00000016 CF                          db 11001111b    ;Limit
    71                                                      ;G
    72                                                      ;D/B
    73                                                      ;L
    74                                                      ;AVL
    75 00000017 00                          db 0x00         ;Base
    76                                  GDT_LENGTH EQU $-GDT_32
    77                                  
    78                                  _gdtr_32:
    79 00000018 1700                        dw GDT_LENGTH-1
    80                                      ;dd 0x000FFD00 ; Base de la GDT en la section sys_tables. No van todas FFF al principio por el shadow.  
    81 0000001A [00000000]                  dd GDT_32 ; Base de la GDT en la section sys_tables. Use o32 cuando la cargo en init16.  
    82                                  
    83                                  
    84                                  
    85                                  ;-------------------------IDT 32 BITS---------------------
    86                                  
    87                                  ; Cada descriptor tiene 8 bytes.
    88                                  IDT:
    89                                  ; Divide Error
    90                                  ISR00_IDT   EQU $-IDT   
    91 0000001E [0000]                      dw L_ISR00_Handler_DE                       ; 2 bytes - Offset 15-0 - Segmento de referencia al código de la EXCEPTION 
    92                                  
    93 00000020 0800                        dw CS_SEL_32                                ; 2 bytes - Selector de segmento de código
    94                                  
    95 00000022 00                          db 00000000b                                ; 1 byte - 000 e indefinido
    96 00000023 8F                          db 10001111b                                ; 1 byte - Atributos
    97                                                                                      ; P = 1 (Presente en el segmento)
    98                                                                                      ; DPL = 00 (Nivel de privilegio priotidad Kernel)
    99                                                                                      ; S = 0 (Descriptor de sistema)
   100                                                                                      ; TIPO = 1111 (Puerta de Excepcion de 32 bits 80386 - Trap Gate)
   101 00000024 1000                        dw H_ISRXX_Handler       ; 2 bytes - Offset 31-16 - Segmento de referencia al código de la EXCEPTION 
   102                                  ; Debug Exceptions - Reservada 
   103                                  ISR01_IDT   EQU $-IDT   
   104 00000026 0000000000000000            dq 0x0
   105                                  ; NMI
   106                                  ISR02_IDT   EQU $-IDT   
   107                                  
   108 0000002E [0000]                      dw L_ISR02_Handler_NMI                      ; 2 bytes - Offset 15-0 - Segmento de referencia al código de la EXCEPTION 
   109 00000030 0800                        dw CS_SEL_32                                ; 2 bytes - Selector de segmento de código
   110                                  
   111 00000032 00                          db 00000000b                                ; 1 byte - 000 e indefinido
   112 00000033 8F                          db 10001111b                                ; 1 byte - Atributos
   113                                                                                      ; P = 1 (Presente en el segmento)
   114                                                                                      ; DPL = 00 (Nivel de privilegio priotidad Kernel)
   115                                                                                      ; S = 0 (Descriptor de sistema)
   116                                                                                      ; TIPO = 1111 (Puerta de Excepcion de 32 bits 80386 - Trap Gate)
   117 00000034 1000                        dw H_ISRXX_Handler                          ; 2 bytes - Offset 31-16 - Segmento de referencia al código de la EXCEPTION 
   118                                  ; Breakpoint
   119                                  ISR03_IDT   EQU $-IDT   
   120 00000036 [0000]                      dw L_ISR03_Handler_BP                       ; 2 bytes - Offset 15-0 - Segmento de referencia al código de la EXCEPTION 
   121 00000038 0800                        dw CS_SEL_32                                ; 2 bytes - Selector de segmento de código
   122                                  
   123 0000003A 00                          db 00000000b                                ; 1 byte - 000 e indefinido
   124 0000003B 8F                          db 10001111b                                ; 1 byte - Atributos
   125                                                                                      ; P = 1 (Presente en el segmento)
   126                                                                                      ; DPL = 00 (Nivel de privilegio priotidad Kernel)
   127                                                                                      ; S = 0 (Descriptor de sistema)
   128                                                                                      ; TIPO = 1111 (Puerta de Excepcion de 32 bits 80386 - Trap Gate)
   129 0000003C 1000                        dw H_ISRXX_Handler                           ; 2 bytes - Offset 31-16 - Segmento de referencia al código de la EXCEPTION 
   130                                  ; Overflow
   131                                  ISR04_IDT   EQU $-IDT   
   132 0000003E [0000]                      dw L_ISR04_Handler_OF                       ; 2 bytes - Offset 15-0 - Segmento de referencia al código de la EXCEPTION 
   133 00000040 0800                        dw CS_SEL_32                                ; 2 bytes - Selector de segmento de código
   134                                  
   135 00000042 00                          db 00000000b                                ; 1 byte - 000 e indefinido
   136 00000043 8F                          db 10001111b                                ; 1 byte - Atributos
   137                                                                                      ; P = 1 (Presente en el segmento)
   138                                                                                      ; DPL = 00 (Nivel de privilegio priotidad Kernel)
   139                                                                                      ; S = 0 (Descriptor de sistema)
   140                                                                                      ; TIPO = 1111 (Puerta de Excepcion de 32 bits 80386 - Trap Gate)
   141 00000044 1000                        dw H_ISRXX_Handler                          ; 2 bytes - Offset 31-16 - Segmento de referencia al código de la EXCEPTION 
   142                                  ; BOUND Range Exceeded
   143                                  ISR05_IDT   EQU $-IDT   
   144 00000046 [0000]                      dw L_ISR05_Handler_BR                       ; 2 bytes - Offset 15-0 - Segmento de referencia al código de la EXCEPTION 
   145 00000048 0800                        dw CS_SEL_32                                ; 2 bytes - Selector de segmento de código
   146                                  
   147 0000004A 00                          db 00000000b                                ; 1 byte - 000 e indefinido
   148 0000004B 8F                          db 10001111b                                ; 1 byte - Atributos
   149                                                                                      ; P = 1 (Presente en el segmento)
   150                                                                                      ; DPL = 00 (Nivel de privilegio priotidad Kernel)
   151                                                                                      ; S = 0 (Descriptor de sistema)
   152                                                                                      ; TIPO = 1111 (Puerta de Excepcion de 32 bits 80386 - Trap Gate)
   153 0000004C 1000                        dw H_ISRXX_Handler                          ; 2 bytes - Offset 31-16 - Segmento de referencia al código de la EXCEPTION 
   154                                  ; Invalid Opcode (Undefined Opcode)
   155                                  ISR06_IDT   EQU $-IDT   
   156 0000004E [0000]                      dw L_ISR06_Handler_UD                       ; 2 bytes - Offset 15-0 - Segmento de referencia al código de la EXCEPTION 
   157 00000050 0800                        dw CS_SEL_32                                ; 2 bytes - Selector de segmento de código
   158                                  
   159 00000052 00                          db 00000000b                                ; 1 byte - 000 e indefinido
   160 00000053 8F                          db 10001111b                                ; 1 byte - Atributos
   161                                                                                      ; P = 1 (Presente en el segmento)
   162                                                                                      ; DPL = 00 (Nivel de privilegio priotidad Kernel)
   163                                                                                      ; S = 0 (Descriptor de sistema)
   164                                                                                      ; TIPO = 1111 (Puerta de Excepcion de 32 bits 80386 - Trap Gate)
   165 00000054 1000                        dw H_ISRXX_Handler                          ; 2 bytes - Offset 31-16 - Segmento de referencia al código de la EXCEPTION 
   166                                  ; Device Not Available (No Math Coprocessor)
   167                                  ISR07_IDT   EQU $-IDT   
   168 00000056 [0000]                      dw L_ISR07_Handler_NM                       ; 2 bytes - Offset 15-0 - Segmento de referencia al código de la EXCEPTION 
   169 00000058 0800                        dw CS_SEL_32                                ; 2 bytes - Selector de segmento de código
   170                                  
   171 0000005A 00                          db 00000000b                                ; 1 byte - 000 e indefinido
   172 0000005B 8F                          db 10001111b                                ; 1 byte - Atributos
   173                                                                                      ; P = 1 (Presente en el segmento)
   174                                                                                      ; DPL = 00 (Nivel de privilegio priotidad Kernel)
   175                                                                                      ; S = 0 (Descriptor de sistema)
   176                                                                                      ; TIPO = 1111 (Puerta de Excepcion de 32 bits 80386 - Trap Gate)
   177 0000005C 1000                        dw H_ISRXX_Handler                          ; 2 bytes - Offset 31-16 - Segmento de referencia al código de la EXCEPTION
   178                                  ; Double Fault
   179                                  ISR08_IDT   EQU $-IDT   
   180 0000005E [0000]                      dw L_ISR08_Handler_DF                       ; 2 bytes - Offset 15-0 - Segmento de referencia al código de la EXCEPTION 
   181 00000060 0800                        dw CS_SEL_32                                ; 2 bytes - Selector de segmento de código
   182                                  
   183 00000062 00                          db 00000000b                                ; 1 byte - 000 e indefinido
   184 00000063 8F                          db 10001111b                                ; 1 byte - Atributos
   185                                                                                      ; P = 1 (Presente en el segmento)
   186                                                                                      ; DPL = 00 (Nivel de privilegio priotidad Kernel)
   187                                                                                      ; S = 0 (Descriptor de sistema)
   188                                                                                      ; TIPO = 1111 (Puerta de Excepcion de 32 bits 80386 - Trap Gate)
   189 00000064 1000                        dw H_ISRXX_Handler                          ; 2 bytes - Offset 31-16 - Segmento de referencia al código de la EXCEPTION
   190                                  ; Coprocessor Segment Overrun (reserved)
   191                                  ISR09_IDT   EQU $-IDT   
   192 00000066 0000000000000000            dq 0x0
   193                                  ; Invalid TSS
   194                                  ISR10_IDT   EQU $-IDT   
   195 0000006E [0000]                      dw L_ISR10_Handler_TS                       ; 2 bytes - Offset 15-0 - Segmento de referencia al código de la EXCEPTION 
   196 00000070 0800                        dw CS_SEL_32                                ; 2 bytes - Selector de segmento de código
   197                                  
   198 00000072 00                          db 00000000b                                ; 1 byte - 000 e indefinido
   199 00000073 8F                          db 10001111b                                ; 1 byte - Atributos
   200                                                                                      ; P = 1 (Presente en el segmento)
   201                                                                                      ; DPL = 00 (Nivel de privilegio priotidad Kernel)
   202                                                                                      ; S = 0 (Descriptor de sistema)
   203                                                                                      ; TIPO = 1111 (Puerta de Excepcion de 32 bits 80386 - Trap Gate)
   204 00000074 1000                        dw H_ISRXX_Handler                          ; 2 bytes - Offset 31-16 - Segmento de referencia al código de la EXCEPTION
   205                                  ; Segment Not Present
   206                                  ISR11_IDT   EQU $-IDT   
   207 00000076 [0000]                      dw L_ISR11_Handler_NP                       ; 2 bytes - Offset 15-0 - Segmento de referencia al código de la EXCEPTION 
   208 00000078 0800                        dw CS_SEL_32                                ; 2 bytes - Selector de segmento de código
   209                                  
   210 0000007A 00                          db 00000000b                                ; 1 byte - 000 e indefinido
   211 0000007B 8F                          db 10001111b                                ; 1 byte - Atributos
   212                                                                                      ; P = 1 (Presente en el segmento)
   213                                                                                      ; DPL = 00 (Nivel de privilegio priotidad Kernel)
   214                                                                                      ; S = 0 (Descriptor de sistema)
   215                                                                                      ; TIPO = 1111 (Puerta de Excepcion de 32 bits 80386 - Trap Gate)
   216 0000007C 1000                        dw H_ISRXX_Handler                          ; 2 bytes - Offset 31-16 - Segmento de referencia al código de la EXCEPTION
   217                                  ; Stack-Segment Fault
   218                                  ISR12_IDT   EQU $-IDT   
   219 0000007E [0000]                      dw L_ISR12_Handler_SS                       ; 2 bytes - Offset 15-0 - Segmento de referencia al código de la EXCEPTION 
   220 00000080 0800                        dw CS_SEL_32                                ; 2 bytes - Selector de segmento de código
   221                                  
   222 00000082 00                          db 00000000b                                ; 1 byte - 000 e indefinido
   223 00000083 8F                          db 10001111b                                ; 1 byte - Atributos
   224                                                                                      ; P = 1 (Presente en el segmento)
   225                                                                                      ; DPL = 00 (Nivel de privilegio priotidad Kernel)
   226                                                                                      ; S = 0 (Descriptor de sistema)
   227                                                                                      ; TIPO = 1111 (Puerta de Excepcion de 32 bits 80386 - Trap Gate)
   228 00000084 1000                        dw H_ISRXX_Handler                          ; 2 bytes - Offset 31-16 - Segmento de referencia al código de la EXCEPTION
   229                                  ; General Protection
   230                                  ISR13_IDT   EQU $-IDT   
   231 00000086 [0000]                      dw L_ISR13_Handler_GP                       ; 2 bytes - Offset 15-0 - Segmento de referencia al código de la EXCEPTION 
   232 00000088 0800                        dw CS_SEL_32                                ; 2 bytes - Selector de segmento de código
   233                                  
   234 0000008A 00                          db 00000000b                                ; 1 byte - 000 e indefinido
   235 0000008B 8F                          db 10001111b                                ; 1 byte - Atributos
   236                                                                                      ; P = 1 (Presente en el segmento)
   237                                                                                      ; DPL = 00 (Nivel de privilegio priotidad Kernel)
   238                                                                                      ; S = 0 (Descriptor de sistema)
   239                                                                                      ; TIPO = 1111 (Puerta de Excepcion de 32 bits 80386 - Trap Gate)
   240 0000008C 1000                        dw H_ISRXX_Handler                          ; 2 bytes - Offset 31-16 - Segmento de referencia al código de la EXCEPTION
   241                                  ; Page Fault
   242                                  ISR14_IDT   EQU $-IDT   
   243 0000008E [0000]                      dw L_ISR14_Handler_PF                       ; 2 bytes - Offset 15-0 - Segmento de referencia al código de la EXCEPTION 
   244 00000090 0800                        dw CS_SEL_32                                ; 2 bytes - Selector de segmento de código
   245                                  
   246 00000092 00                          db 00000000b                                ; 1 byte - 000 e indefinido
   247 00000093 8F                          db 10001111b                                ; 1 byte - Atributos
   248                                                                                      ; P = 1 (Presente en el segmento)
   249                                                                                      ; DPL = 00 (Nivel de privilegio priotidad Kernel)
   250                                                                                      ; S = 0 (Descriptor de sistema)
   251                                                                                      ; TIPO = 1111 (Puerta de Excepcion de 32 bits 80386 - Trap Gate)
   252 00000094 1000                        dw H_ISRXX_Handler                          ; 2 bytes - Offset 31-16 - Segmento de referencia al código de la EXCEPTION
   253                                  ; (Intel reserved. Do not use.)
   254                                  ISR15_IDT   EQU $-IDT   
   255 00000096 0000000000000000            dq 0x0
   256                                  ; x87 FPU Floating-Point Error (Math Fault)
   257                                  ISR16_IDT   EQU $-IDT   
   258 0000009E [0000]                      dw L_ISR16_Handler_MF                       ; 2 bytes - Offset 15-0 - Segmento de referencia al código de la EXCEPTION 
   259 000000A0 0800                        dw CS_SEL_32                                ; 2 bytes - Selector de segmento de código
   260                                  
   261 000000A2 00                          db 00000000b                                ; 1 byte - 000 e indefinido
   262 000000A3 8F                          db 10001111b                                ; 1 byte - Atributos
   263                                                                                      ; P = 1 (Presente en el segmento)
   264                                                                                      ; DPL = 00 (Nivel de privilegio priotidad Kernel)
   265                                                                                      ; S = 0 (Descriptor de sistema)
   266                                                                                      ; TIPO = 1111 (Puerta de Excepcion de 32 bits 80386 - Trap Gate)
   267 000000A4 1000                        dw H_ISRXX_Handler                          ; 2 bytes - Offset 31-16 - Segmento de referencia al código de la EXCEPTION
   268                                  ; Alignment Check
   269                                  ISR17_IDT   EQU $-IDT   
   270 000000A6 [0000]                      dw L_ISR17_Handler_AC                       ; 2 bytes - Offset 15-0 - Segmento de referencia al código de la EXCEPTION 
   271 000000A8 0800                        dw CS_SEL_32                                ; 2 bytes - Selector de segmento de código
   272                                  
   273 000000AA 00                          db 00000000b                                ; 1 byte - 000 e indefinido
   274 000000AB 8F                          db 10001111b                                ; 1 byte - Atributos
   275                                                                                      ; P = 1 (Presente en el segmento)
   276                                                                                      ; DPL = 00 (Nivel de privilegio priotidad Kernel)
   277                                                                                      ; S = 0 (Descriptor de sistema)
   278                                                                                      ; TIPO = 1111 (Puerta de Excepcion de 32 bits 80386 - Trap Gate)
   279 000000AC 1000                        dw H_ISRXX_Handler                          ; 2 bytes - Offset 31-16 - Segmento de referencia al código de la EXCEPTION
   280                                  ; Machine Check
   281                                  ISR18_IDT   EQU $-IDT   
   282 000000AE [0000]                      dw L_ISR18_Handler_MC                       ; 2 bytes - Offset 15-0 - Segmento de referencia al código de la EXCEPTION 
   283 000000B0 0800                        dw CS_SEL_32                                ; 2 bytes - Selector de segmento de código
   284                                  
   285 000000B2 00                          db 00000000b                                ; 1 byte - 000 e indefinido
   286 000000B3 8F                          db 10001111b                                ; 1 byte - Atributos
   287                                                                                      ; P = 1 (Presente en el segmento)
   288                                                                                      ; DPL = 00 (Nivel de privilegio priotidad Kernel)
   289                                                                                      ; S = 0 (Descriptor de sistema)
   290                                                                                      ; TIPO = 1111 (Puerta de Excepcion de 32 bits 80386 - Trap Gate)
   291 000000B4 1000                        dw H_ISRXX_Handler                          ; 2 bytes - Offset 31-16 - Segmento de referencia al código de la EXCEPTION
   292                                  ; SIMD Floating-Point Exception
   293                                  ISR19_IDT   EQU $-IDT   
   294 000000B6 [0000]                      dw L_ISR19_Handler_XM                       ; 2 bytes - Offset 15-0 - Segmento de referencia al código de la EXCEPTION 
   295 000000B8 0800                        dw CS_SEL_32                                ; 2 bytes - Selector de segmento de código
   296                                  
   297 000000BA 00                          db 00000000b                                ; 1 byte - 000 e indefinido
   298 000000BB 8F                          db 10001111b                                ; 1 byte - Atributos
   299                                                                                      ; P = 1 (Presente en el segmento)
   300                                                                                      ; DPL = 00 (Nivel de privilegio priotidad Kernel)
   301                                                                                      ; S = 0 (Descriptor de sistema)
   302                                                                                      ; TIPO = 1111 (Puerta de Excepcion de 32 bits 80386 - Trap Gate)
   303 000000BC 1000                        dw H_ISRXX_Handler                          ; 2 bytes - Offset 31-16 - Segmento de referencia al código de la EXCEPTION
   304                                  ; Virtualization Exception (20) hasta Intel reserver. Do not use (31) todo reservado.
   305                                  ISR20to31_idt EQU $-IDT
   306 000000BE 0000000000000000-           times 12 dq 0x0  
   306 000000BE <rept>             
   307                                  ; IRQ0 - Timer tick
   308                                  ISR32_IRQ_0 EQU $-IDT
   309 0000011E [0000]                      dw L_IRQ00_Handler                          ; 2 bytes - Offset 15-0 - Segmento de referencia al código de la EXCEPTION 
   310 00000120 0800                        dw CS_SEL_32                                ; 2 bytes - Selector de segmento de código
   311                                  
   312 00000122 00                          db 00000000b                                ; 1 byte - 000 e indefinido
   313 00000123 8E                          db 10001110b                                ; 1 byte - Atributos
   314                                                                                      ; P = 1 (Presente en el segmento)
   315                                                                                      ; DPL = 00 (Nivel de privilegio priotidad Kernel)
   316                                                                                      ; S = 0 (Descriptor de sistema)
   317                                                                                      ; TIPO = 1110 (Puerta de Interrupción de 32 bits 80386 - Int. Gate)
   318 00000124 1000                        dw H_ISRXX_Handler                          ; 2 bytes - Offset 31-16 - Segmento de referencia al código de la EXCEPTION
   319                                  ; IRQ1 - KBI (Keyboard Interrupt)
   320                                  ISR33_IRQ_1 EQU $-IDT
   321 00000126 [0000]                      dw L_IRQ01_Handler                          ; 2 bytes - Offset 15-0 - Segmento de referencia al código de la EXCEPTION 
   322 00000128 0800                        dw CS_SEL_32                                ; 2 bytes - Selector de segmento de código
   323                                  
   324 0000012A 00                          db 00000000b                                ; 1 byte - 000 e indefinido
   325 0000012B 8E                          db 10001110b                                ; 1 byte - Atributos
   326                                                                                      ; P = 1 (Presente en el segmento)
   327                                                                                      ; DPL = 00 (Nivel de privilegio priotidad Kernel)
   328                                                                                      ; S = 0 (Descriptor de sistema)
   329                                                                                      ; TIPO = 1110 (Puerta de Interrupción de 32 bits 80386 - Int. Gate)
   330 0000012C 1000                        dw H_ISRXX_Handler                          ; 2 bytes - Offset 31-16 - Segmento de referencia al código de la EXCEPTION
   331                                  
   332                                  ISR34to46_idt EQU $-IDT   
   333 0000012E 0000000000000000-           times 13 dq 0x0000  ;Usuario
   333 0000012E <rept>             
   334                                  
   335                                  
   336                                  IDT_LENGTH EQU $-IDT
   337                                  _idtr_32:
   338 00000196 7701                        dw IDT_LENGTH-1
   339 00000198 [1E000000]                  dd IDT       ; Base de la IDT donde termina la GDT para que esten una arriba de la otra en ROM
   340                                  
   341                                  
