     1                                  %include "inc/processor-flags.h" 
     1                              <1> %define X86_CR0_PE      0x00000001 ; /* Protectede mode enable*/
     2                              <1> %define X86_CR0_MP      0x00000002 ; /* Monitor coProcessor*/
     3                              <1> %define X86_CR0_EM      0x00000004 ; /* Emulation*/
     4                              <1> %define X86_CR0_TS      0x00000008 ; /* Task Switched*/
     5                              <1> %define X86_CR0_ET      0x00000010 ; /* Extension Type*/
     6                              <1> %define X86_CR0_NE      0x00000020 ; /* Numeric Error*/
     7                              <1> %define X86_CR0_WP      0x00010000 ; /* Write Protect*/
     8                              <1> %define X86_CR0_AM      0x00040000 ; /* Alignment Mask*/
     9                              <1> %define X86_CR0_NW      0x20000000 ; /* Not Write-through*/
    10                              <1> %define X86_CR0_CD      0x40000000 ; /* Cache Disable*/
    11                              <1> %define X86_CR0_PG      0x80000000 ; /* PaGine*/
    12                              <1> %define flag_TSS_sup    1
    13                              <1> %define flag_TSS_us     0
    14                              <1> 
    15                              <1> ;------------DTP y TP(Descriptor de Tablas de Páginas y Tabla de Páginas) flags--------------------------
    16                              <1> PAG_PCD_YES  equ 1       ; cachable                          
    17                              <1> PAG_PCD_NO   equ 0       ; no cachable
    18                              <1> PAG_PWT_YES  equ 1       ; 1 se escribe en cache y ram       
    19                              <1> PAG_PWT_NO   equ 0       ; 0 
    20                              <1> PAG_P_YES    equ 1       ; 1 presente
    21                              <1> PAG_P_NO     equ 0       ; 0 no presente
    22                              <1> PAG_RW_W     equ 1       ; 1 lectura y escritura
    23                              <1> PAG_RW_R     equ 0       ; 0 solo lectura
    24                              <1> PAG_US_SUP   equ 0       ; 0 supervisor
    25                              <1> PAG_US_US    equ 1       ; 1 usuario  
    26                              <1> PAG_D        equ 0       ; modificacion en la pagina
    27                              <1> PAG_PAT      equ 0       ; PAT                   
    28                              <1> PAG_G_YES    equ 0       ; Global                 
    29                              <1> PAG_A        equ 0       ; accedida
    30                              <1> PAG_PS_4K    equ 0       ; tamaño de pagina de 4KB
    31                              <1> 
    32                              <1> ; ------------ EQU Generales-----------------
    33                              <1> SYS_HALT                EQU     0
    34                              <1> SYS_READ                EQU     1
    35                              <1> SYS_PRINT               EQU     2
    36                              <1> SYS_PRINT_VGA           EQU     3
    37                              <1> ASCII_TRUE              EQU     1
    38                              <1> ASCII_FALSE             EQU     0
     2                                  
     3                                  ; ----------------EXTERN------------
     4                                  EXTERN ejecutar_tarea_3
     5                                  ;EXTERN POINTER_VMA_DIGITS_TABLE
     6                                  EXTERN __DIGITS_TABLE_VMA
     7                                  ; ----------------GLOBAL------------
     8                                  GLOBAL tarea_3_asm
     9                                  
    10                                  CANTIDAD_DIGITOS    EQU     10      ; Cantidad de dígitos en la tabla     
    11                                  
    12                                  ; -------------RODATA--------------
    13                                  SECTION .rodata_tarea3
    14                                  ;tarea_3_msg              db "- Tarea 3: Suma SIMD 2",0
    15                                  ;-------------BSS------------------
    16                                  SECTION .bss_tarea3
    17                                  
    18 00000000 <res 00000050>          TAREA3_DIGITS_TABLE        resq    CANTIDAD_DIGITOS     ; Tabla de dígitos de la tarea 1
    18          ******************       warning: uninitialized space declared in non-BSS section `.bss_tarea3': zeroing
    19                                  
    20                                  ; ---------------DATA-------------
    21                                  SECTION .data_tarea3
    22 00000000 0000000000000000        suma_SIMD_words             dq    0
    23 00000008 50                      CANTIDAD_BYTES_TABLA        db    80
    24                                  
    25                                  ; --------------TEXT---------------
    26                                  SECTION .functions_tarea_3
    27                                  
    28                                  tarea_3_asm:
    29                                      ; La tarea tiene 10ms para correr y el tiempo de sobra espera al scheduler
    30                                      
    31 00000000 31C0                        xor     eax, eax                        ; Inicializo eax
    32 00000002 31DB                        xor     ebx, ebx                        ; Inicializo ebx
    33 00000004 0FEFC0                      pxor    mm0, mm0                        ; Inicializo registro mm0          
    34                                  
    35                                      ; -> Llamo a la syscall read para copiar la tabla de digitos a la tarea
    36 00000007 BF[00000000]                mov     edi, TAREA3_DIGITS_TABLE        ; Destino
    37 0000000C BE[00000000]                mov     esi, __DIGITS_TABLE_VMA         ; Fuente
    38 00000011 8A0D[08000000]              mov     byte cl, [CANTIDAD_BYTES_TABLA] ; Tamaño
    39 00000017 B801000000                  mov     eax, SYS_READ                   ; Syscall de lectura
    40 0000001C CD80                        int 0x80
    41                                  
    42 0000001E B8[00000000]                mov     eax, TAREA3_DIGITS_TABLE    ; Principio de la tabla
    43                                  
    44                                  loop_tabla:
    45 00000023 0FD400                      paddq   mm0, [eax]                      ; Suma en SIMD de desborde en qword
    46 00000026 83C008                      add     eax, 8                          ; Siguiente qword
    47 00000029 43                          inc     ebx                             ; Sumo al contador
    48 0000002A 83FB0A                      cmp     ebx, CANTIDAD_DIGITOS           ; Me quedo hasta recorrer la tabla
    49 0000002D 75F4                        jne     loop_tabla
    50                                  
    51 0000002F 0F7F05[00000000]            movq    qword [suma_SIMD_words], mm0     ;Guardo el valor de la suma saturada en words
    52                                  
    53                                      ; -> Muestro el resultado de la suma SIMD en pantalla
    54 00000036 BF[00000000]                mov     edi, suma_SIMD_words            ; Numero de 64 bits 
    55 0000003B BA07000000                  mov     edx, 7                          ; Fila VGA
    56 00000040 B94F000000                  mov     ecx, 79                         ; Columna VGA
    57 00000045 B803000000                  mov     eax, SYS_PRINT_VGA              ; Syscall de escritura VGA
    58 0000004A BB04000000                  mov     ebx, 4                          ; 1 = byte, 2 = word, 3 = dword, 4 = qword
    59 0000004F CD80                        int 0x80
    60                                      ; -> Pongo al CPU en halt llamando a int 0x80
    61 00000051 B800000000                  mov     eax, SYS_HALT                 
    62 00000056 CD80                        int 0x80
    63                                  
    64 00000058 EBA6                        jmp tarea_3_asm
