     1                                  USE32
     2                                  
     3                                  SECTION .kernel32
     4                                  
     5                                  EXTERN __DATA_VMA
     6                                  EXTERN limpiar_buffer
     7                                  EXTERN msg_bienvenida_VGA
     8                                  EXTERN __VGA_VMA
     9                                  EXTERN __VGA_PHY
    10                                  EXTERN limpiar_VGA
    11                                  ;--------------GLOBAL----------------------
    12                                  GLOBAL kernel32_code_size
    13                                  GLOBAL kernel32_init
    14                                  GLOBAL memoria_buffer_reservada
    15                                  GLOBAL contador_timer
    16                                  GLOBAL resultado_promedio
    17                                  GLOBAL dir_lineal_page_fault
    18                                  GLOBAL error_code_PF
    19                                  GLOBAL dir_phy_dinamica
    20                                  GLOBAL page_fault_msg
    21                                  GLOBAL page_fault_msg_2
    22                                  GLOBAL page_fault_msg_3
    23                                  GLOBAL page_fault_msg_4
    24                                  GLOBAL page_fault_msg_5
    25                                  GLOBAL page_fault_msg_6
    26                                  GLOBAL paginas_creadas
    27                                  kernel21_code_size EQU kernel32_end-kernel32_init
    28                                  ;---------EQU-----------------------------
    29                                  CANTIDAD_DATOS  EQU 10
    30                                  LONG_BUFFER     EQU 16
    31                                  
    32                                  kernel32_init:
    33                                      ;xchg bx,bx
    34 00000000 31C0                        xor eax,eax
    35 00000002 31DB                        xor ebx,ebx
    36 00000004 31C9                        xor ecx,ecx
    37 00000006 31D2                        xor edx,edx
    38                                      ; -> Inicializo el buffer del teclado.
    39 00000008 55                          push    ebp
    40 00000009 89E5                        mov     ebp, esp
    41 0000000B 68[00000000]                push dword memoria_buffer_reservada
    42 00000010 E8(00000000)                call limpiar_buffer                     
    43 00000015 C9                          leave
    44                                      ; -> Escribo la pantalla con mensaje fijo.
    45 00000016 55                          push    ebp
    46 00000017 89E5                        mov     ebp, esp
    47 00000019 68[00000000]                push    __VGA_VMA
    48 0000001E E8(00000000)                call msg_bienvenida_VGA                     
    49 00000023 C9                          leave
    50                                  
    51                                  
    52                                  main:
    53 00000024 EBFE                        jmp main
    54                                  guard:
    55 00000026 F4                          hlt                                     ; Aguardo por interrupciones / excepciones
    56 00000027 EBFD                        jmp guard
    57                                  
    58                                  
    59                                  kernel32_end:
    60                                      
    61                                  
    62                                  ;-------- VARIABLES DE DATOS PARA PROPOSITO GENERAL----
    63                                  SECTION .data
    64                                  variables_globales:
    65 00000000 <res 00000013>              memoria_buffer_reservada    resb 19             ; Reservo para buffer[0-16] + head[17] + tail[18] + cantidad[19] 
    65          ******************       warning: uninitialized space declared in non-BSS section `.data': zeroing
    66                                  
    67 00000013 <res 00000002>              contador_timer              resw 1              ; Contador del timer
    67          ******************       warning: uninitialized space declared in non-BSS section `.data': zeroing
    68                                  
    69 00000015 <res 00000008>              resultado_promedio          resq 1              ; Resultado del promedio cada 500ms de los dígitos en tabla.
    69          ******************       warning: uninitialized space declared in non-BSS section `.data': zeroing
    70                                  
    71 0000001D <res 00000004>              dir_lineal_page_fault       resd 1              ; Dir. Lineal que produjo una Page Fault Exception.
    71          ******************       warning: uninitialized space declared in non-BSS section `.data': zeroing
    72                                  
    73 00000021 <res 00000004>              error_code_PF               resd 1              ; Código de error del #PF
    73          ******************       warning: uninitialized space declared in non-BSS section `.data': zeroing
    74                                  
    75 00000025 0000000A                    dir_phy_dinamica            dd 0x0A000000       ; Dir. Phy. dinámica para salvar el #PF
    76                                  
    77 00000029 <res 00000004>              paginas_creadas             resd 1              ; Cantidad de páginas creadas en el #PF .
    77          ******************       warning: uninitialized space declared in non-BSS section `.data': zeroing
    78                                  mensajes_error:
    79 0000002D 2D2D2D2D2D50414745-         page_fault_msg              db "-----PAGE FAULT-----",0
    79 00000036 204641554C542D2D2D-
    79 0000003F 2D2D00             
    80 00000042 4469722E20564D4120-         page_fault_msg_2            db "Dir. VMA = 0x",0
    80 0000004B 3D20307800         
    81 00000050 4572726F7220436F64-         page_fault_msg_3            db "Error Code: ",0
    81 00000059 653A2000           
    82 0000005D 506167696E6163696F-         page_fault_msg_4            db "Paginacion OFF. Se puede paginar con VMA del CR2",0
    82 00000066 6E204F46462E205365-
    82 0000006F 207075656465207061-
    82 00000078 67696E617220636F6E-
    82 00000081 20564D412064656C20-
    82 0000008A 43523200           
    83 0000008E 506167696E6163696F-         page_fault_msg_5            db "Paginacion exitosa.",0
    83 00000097 6E20657869746F7361-
    83 000000A0 2E00               
    84 000000A2 2350462048616E646C-         page_fault_msg_6            db "#PF Handler - Paginas de 4K creadas: ",0
    84 000000AB 6572202D2050616769-
    84 000000B4 6E617320646520344B-
    84 000000BD 20637265616461733A-
    84 000000C6 2000               
